CRITICAL - 2022-05-29 00:58:41 --> syntax error, unexpected double-quoted string "<br/>"
#0 C:\Users\USER\Documents\xampp\htdocs\ci4\vendor\codeigniter4\framework\system\Router\Router.php(175): CodeIgniter\Router\Router->autoRoute('content/film/vi...')
#1 C:\Users\USER\Documents\xampp\htdocs\ci4\vendor\codeigniter4\framework\system\CodeIgniter.php(726): CodeIgniter\Router\Router->handle('content/film/vi...')
#2 C:\Users\USER\Documents\xampp\htdocs\ci4\vendor\codeigniter4\framework\system\CodeIgniter.php(368): CodeIgniter\CodeIgniter->tryToRouteIt(Object(CodeIgniter\Router\RouteCollection))
#3 C:\Users\USER\Documents\xampp\htdocs\ci4\vendor\codeigniter4\framework\system\CodeIgniter.php(326): CodeIgniter\CodeIgniter->handleRequest(NULL, Object(Config\Cache), false)
#4 C:\Users\USER\Documents\xampp\htdocs\ci4\public\index.php(37): CodeIgniter\CodeIgniter->run()
#5 C:\Users\USER\Documents\xampp\htdocs\ci4\vendor\codeigniter4\framework\system\Commands\Server\rewrite.php(43): require_once('C:\\Users\\USER\\D...')
#6 {main}
CRITICAL - 2022-05-29 00:58:47 --> syntax error, unexpected double-quoted string "<br/>"
#0 C:\Users\USER\Documents\xampp\htdocs\ci4\vendor\codeigniter4\framework\system\Router\Router.php(175): CodeIgniter\Router\Router->autoRoute('content')
#1 C:\Users\USER\Documents\xampp\htdocs\ci4\vendor\codeigniter4\framework\system\CodeIgniter.php(726): CodeIgniter\Router\Router->handle('content')
#2 C:\Users\USER\Documents\xampp\htdocs\ci4\vendor\codeigniter4\framework\system\CodeIgniter.php(368): CodeIgniter\CodeIgniter->tryToRouteIt(Object(CodeIgniter\Router\RouteCollection))
#3 C:\Users\USER\Documents\xampp\htdocs\ci4\vendor\codeigniter4\framework\system\CodeIgniter.php(326): CodeIgniter\CodeIgniter->handleRequest(NULL, Object(Config\Cache), false)
#4 C:\Users\USER\Documents\xampp\htdocs\ci4\public\index.php(37): CodeIgniter\CodeIgniter->run()
#5 C:\Users\USER\Documents\xampp\htdocs\ci4\vendor\codeigniter4\framework\system\Commands\Server\rewrite.php(43): require_once('C:\\Users\\USER\\D...')
#6 {main}
CRITICAL - 2022-05-29 00:59:22 --> Undefined property: App\Controllers\Content::$uri
#0 C:\Users\USER\Documents\xampp\htdocs\ci4\app\Controllers\Content.php(9): CodeIgniter\Debug\Exceptions->errorHandler(2, 'Undefined prope...', 'C:\\Users\\USER\\D...', 9)
#1 C:\Users\USER\Documents\xampp\htdocs\ci4\vendor\codeigniter4\framework\system\CodeIgniter.php(832): App\Controllers\Content->index()
#2 C:\Users\USER\Documents\xampp\htdocs\ci4\vendor\codeigniter4\framework\system\CodeIgniter.php(419): CodeIgniter\CodeIgniter->runController(Object(App\Controllers\Content))
#3 C:\Users\USER\Documents\xampp\htdocs\ci4\vendor\codeigniter4\framework\system\CodeIgniter.php(326): CodeIgniter\CodeIgniter->handleRequest(NULL, Object(Config\Cache), false)
#4 C:\Users\USER\Documents\xampp\htdocs\ci4\public\index.php(37): CodeIgniter\CodeIgniter->run()
#5 C:\Users\USER\Documents\xampp\htdocs\ci4\vendor\codeigniter4\framework\system\Commands\Server\rewrite.php(43): require_once('C:\\Users\\USER\\D...')
#6 {main}
CRITICAL - 2022-05-29 00:59:24 --> Undefined property: App\Controllers\Content::$uri
#0 C:\Users\USER\Documents\xampp\htdocs\ci4\app\Controllers\Content.php(9): CodeIgniter\Debug\Exceptions->errorHandler(2, 'Undefined prope...', 'C:\\Users\\USER\\D...', 9)
#1 C:\Users\USER\Documents\xampp\htdocs\ci4\vendor\codeigniter4\framework\system\CodeIgniter.php(832): App\Controllers\Content->index()
#2 C:\Users\USER\Documents\xampp\htdocs\ci4\vendor\codeigniter4\framework\system\CodeIgniter.php(419): CodeIgniter\CodeIgniter->runController(Object(App\Controllers\Content))
#3 C:\Users\USER\Documents\xampp\htdocs\ci4\vendor\codeigniter4\framework\system\CodeIgniter.php(326): CodeIgniter\CodeIgniter->handleRequest(NULL, Object(Config\Cache), false)
#4 C:\Users\USER\Documents\xampp\htdocs\ci4\public\index.php(37): CodeIgniter\CodeIgniter->run()
#5 C:\Users\USER\Documents\xampp\htdocs\ci4\vendor\codeigniter4\framework\system\Commands\Server\rewrite.php(43): require_once('C:\\Users\\USER\\D...')
#6 {main}
CRITICAL - 2022-05-29 01:01:25 --> Undefined property: App\Controllers\Content::$uri
#0 C:\Users\USER\Documents\xampp\htdocs\ci4\app\Controllers\Content.php(9): CodeIgniter\Debug\Exceptions->errorHandler(2, 'Undefined prope...', 'C:\\Users\\USER\\D...', 9)
#1 C:\Users\USER\Documents\xampp\htdocs\ci4\vendor\codeigniter4\framework\system\CodeIgniter.php(832): App\Controllers\Content->index()
#2 C:\Users\USER\Documents\xampp\htdocs\ci4\vendor\codeigniter4\framework\system\CodeIgniter.php(419): CodeIgniter\CodeIgniter->runController(Object(App\Controllers\Content))
#3 C:\Users\USER\Documents\xampp\htdocs\ci4\vendor\codeigniter4\framework\system\CodeIgniter.php(326): CodeIgniter\CodeIgniter->handleRequest(NULL, Object(Config\Cache), false)
#4 C:\Users\USER\Documents\xampp\htdocs\ci4\public\index.php(37): CodeIgniter\CodeIgniter->run()
#5 C:\Users\USER\Documents\xampp\htdocs\ci4\vendor\codeigniter4\framework\system\Commands\Server\rewrite.php(43): require_once('C:\\Users\\USER\\D...')
#6 {main}
CRITICAL - 2022-05-29 01:02:23 --> Undefined property: App\Controllers\Content::$uri
#0 C:\Users\USER\Documents\xampp\htdocs\ci4\app\Controllers\Content.php(9): CodeIgniter\Debug\Exceptions->errorHandler(2, 'Undefined prope...', 'C:\\Users\\USER\\D...', 9)
#1 C:\Users\USER\Documents\xampp\htdocs\ci4\vendor\codeigniter4\framework\system\CodeIgniter.php(832): App\Controllers\Content->index()
#2 C:\Users\USER\Documents\xampp\htdocs\ci4\vendor\codeigniter4\framework\system\CodeIgniter.php(419): CodeIgniter\CodeIgniter->runController(Object(App\Controllers\Content))
#3 C:\Users\USER\Documents\xampp\htdocs\ci4\vendor\codeigniter4\framework\system\CodeIgniter.php(326): CodeIgniter\CodeIgniter->handleRequest(NULL, Object(Config\Cache), false)
#4 C:\Users\USER\Documents\xampp\htdocs\ci4\public\index.php(37): CodeIgniter\CodeIgniter->run()
#5 C:\Users\USER\Documents\xampp\htdocs\ci4\vendor\codeigniter4\framework\system\Commands\Server\rewrite.php(43): require_once('C:\\Users\\USER\\D...')
#6 {main}
CRITICAL - 2022-05-29 01:04:19 --> Undefined property: App\Controllers\Content::$uri
#0 C:\Users\USER\Documents\xampp\htdocs\ci4\app\Controllers\Content.php(9): CodeIgniter\Debug\Exceptions->errorHandler(2, 'Undefined prope...', 'C:\\Users\\USER\\D...', 9)
#1 C:\Users\USER\Documents\xampp\htdocs\ci4\vendor\codeigniter4\framework\system\CodeIgniter.php(832): App\Controllers\Content->index('movie', 'video')
#2 C:\Users\USER\Documents\xampp\htdocs\ci4\vendor\codeigniter4\framework\system\CodeIgniter.php(419): CodeIgniter\CodeIgniter->runController(Object(App\Controllers\Content))
#3 C:\Users\USER\Documents\xampp\htdocs\ci4\vendor\codeigniter4\framework\system\CodeIgniter.php(326): CodeIgniter\CodeIgniter->handleRequest(NULL, Object(Config\Cache), false)
#4 C:\Users\USER\Documents\xampp\htdocs\ci4\public\index.php(37): CodeIgniter\CodeIgniter->run()
#5 C:\Users\USER\Documents\xampp\htdocs\ci4\vendor\codeigniter4\framework\system\Commands\Server\rewrite.php(43): require_once('C:\\Users\\USER\\D...')
#6 {main}
CRITICAL - 2022-05-29 01:04:29 --> Undefined property: App\Controllers\Content::$uri
#0 C:\Users\USER\Documents\xampp\htdocs\ci4\app\Controllers\Content.php(9): CodeIgniter\Debug\Exceptions->errorHandler(2, 'Undefined prope...', 'C:\\Users\\USER\\D...', 9)
#1 C:\Users\USER\Documents\xampp\htdocs\ci4\vendor\codeigniter4\framework\system\CodeIgniter.php(832): App\Controllers\Content->index()
#2 C:\Users\USER\Documents\xampp\htdocs\ci4\vendor\codeigniter4\framework\system\CodeIgniter.php(419): CodeIgniter\CodeIgniter->runController(Object(App\Controllers\Content))
#3 C:\Users\USER\Documents\xampp\htdocs\ci4\vendor\codeigniter4\framework\system\CodeIgniter.php(326): CodeIgniter\CodeIgniter->handleRequest(NULL, Object(Config\Cache), false)
#4 C:\Users\USER\Documents\xampp\htdocs\ci4\public\index.php(37): CodeIgniter\CodeIgniter->run()
#5 C:\Users\USER\Documents\xampp\htdocs\ci4\vendor\codeigniter4\framework\system\Commands\Server\rewrite.php(43): require_once('C:\\Users\\USER\\D...')
#6 {main}
CRITICAL - 2022-05-29 01:05:01 --> Undefined property: App\Controllers\Content::$uri
#0 C:\Users\USER\Documents\xampp\htdocs\ci4\app\Controllers\Content.php(9): CodeIgniter\Debug\Exceptions->errorHandler(2, 'Undefined prope...', 'C:\\Users\\USER\\D...', 9)
#1 C:\Users\USER\Documents\xampp\htdocs\ci4\vendor\codeigniter4\framework\system\CodeIgniter.php(832): App\Controllers\Content->index('video')
#2 C:\Users\USER\Documents\xampp\htdocs\ci4\vendor\codeigniter4\framework\system\CodeIgniter.php(419): CodeIgniter\CodeIgniter->runController(Object(App\Controllers\Content))
#3 C:\Users\USER\Documents\xampp\htdocs\ci4\vendor\codeigniter4\framework\system\CodeIgniter.php(326): CodeIgniter\CodeIgniter->handleRequest(NULL, Object(Config\Cache), false)
#4 C:\Users\USER\Documents\xampp\htdocs\ci4\public\index.php(37): CodeIgniter\CodeIgniter->run()
#5 C:\Users\USER\Documents\xampp\htdocs\ci4\vendor\codeigniter4\framework\system\Commands\Server\rewrite.php(43): require_once('C:\\Users\\USER\\D...')
#6 {main}
CRITICAL - 2022-05-29 01:05:07 --> Undefined property: App\Controllers\Content::$uri
#0 C:\Users\USER\Documents\xampp\htdocs\ci4\app\Controllers\Content.php(9): CodeIgniter\Debug\Exceptions->errorHandler(2, 'Undefined prope...', 'C:\\Users\\USER\\D...', 9)
#1 C:\Users\USER\Documents\xampp\htdocs\ci4\vendor\codeigniter4\framework\system\CodeIgniter.php(832): App\Controllers\Content->index()
#2 C:\Users\USER\Documents\xampp\htdocs\ci4\vendor\codeigniter4\framework\system\CodeIgniter.php(419): CodeIgniter\CodeIgniter->runController(Object(App\Controllers\Content))
#3 C:\Users\USER\Documents\xampp\htdocs\ci4\vendor\codeigniter4\framework\system\CodeIgniter.php(326): CodeIgniter\CodeIgniter->handleRequest(NULL, Object(Config\Cache), false)
#4 C:\Users\USER\Documents\xampp\htdocs\ci4\public\index.php(37): CodeIgniter\CodeIgniter->run()
#5 C:\Users\USER\Documents\xampp\htdocs\ci4\vendor\codeigniter4\framework\system\Commands\Server\rewrite.php(43): require_once('C:\\Users\\USER\\D...')
#6 {main}
CRITICAL - 2022-05-29 01:13:51 --> syntax error, unexpected token "/"
#0 C:\Users\USER\Documents\xampp\htdocs\ci4\vendor\codeigniter4\framework\system\Router\Router.php(175): CodeIgniter\Router\Router->autoRoute('content/video/m...')
#1 C:\Users\USER\Documents\xampp\htdocs\ci4\vendor\codeigniter4\framework\system\CodeIgniter.php(726): CodeIgniter\Router\Router->handle('content/video/m...')
#2 C:\Users\USER\Documents\xampp\htdocs\ci4\vendor\codeigniter4\framework\system\CodeIgniter.php(368): CodeIgniter\CodeIgniter->tryToRouteIt(Object(CodeIgniter\Router\RouteCollection))
#3 C:\Users\USER\Documents\xampp\htdocs\ci4\vendor\codeigniter4\framework\system\CodeIgniter.php(326): CodeIgniter\CodeIgniter->handleRequest(NULL, Object(Config\Cache), false)
#4 C:\Users\USER\Documents\xampp\htdocs\ci4\public\index.php(37): CodeIgniter\CodeIgniter->run()
#5 C:\Users\USER\Documents\xampp\htdocs\ci4\vendor\codeigniter4\framework\system\Commands\Server\rewrite.php(43): require_once('C:\\Users\\USER\\D...')
#6 {main}
CRITICAL - 2022-05-29 01:13:54 --> syntax error, unexpected token "/"
#0 C:\Users\USER\Documents\xampp\htdocs\ci4\vendor\codeigniter4\framework\system\Router\Router.php(175): CodeIgniter\Router\Router->autoRoute('content/video/m...')
#1 C:\Users\USER\Documents\xampp\htdocs\ci4\vendor\codeigniter4\framework\system\CodeIgniter.php(726): CodeIgniter\Router\Router->handle('content/video/m...')
#2 C:\Users\USER\Documents\xampp\htdocs\ci4\vendor\codeigniter4\framework\system\CodeIgniter.php(368): CodeIgniter\CodeIgniter->tryToRouteIt(Object(CodeIgniter\Router\RouteCollection))
#3 C:\Users\USER\Documents\xampp\htdocs\ci4\vendor\codeigniter4\framework\system\CodeIgniter.php(326): CodeIgniter\CodeIgniter->handleRequest(NULL, Object(Config\Cache), false)
#4 C:\Users\USER\Documents\xampp\htdocs\ci4\public\index.php(37): CodeIgniter\CodeIgniter->run()
#5 C:\Users\USER\Documents\xampp\htdocs\ci4\vendor\codeigniter4\framework\system\Commands\Server\rewrite.php(43): require_once('C:\\Users\\USER\\D...')
#6 {main}
CRITICAL - 2022-05-29 01:14:16 --> syntax error, unexpected token "/"
#0 C:\Users\USER\Documents\xampp\htdocs\ci4\vendor\codeigniter4\framework\system\Router\Router.php(175): CodeIgniter\Router\Router->autoRoute('content/index/v...')
#1 C:\Users\USER\Documents\xampp\htdocs\ci4\vendor\codeigniter4\framework\system\CodeIgniter.php(726): CodeIgniter\Router\Router->handle('content/index/v...')
#2 C:\Users\USER\Documents\xampp\htdocs\ci4\vendor\codeigniter4\framework\system\CodeIgniter.php(368): CodeIgniter\CodeIgniter->tryToRouteIt(Object(CodeIgniter\Router\RouteCollection))
#3 C:\Users\USER\Documents\xampp\htdocs\ci4\vendor\codeigniter4\framework\system\CodeIgniter.php(326): CodeIgniter\CodeIgniter->handleRequest(NULL, Object(Config\Cache), false)
#4 C:\Users\USER\Documents\xampp\htdocs\ci4\public\index.php(37): CodeIgniter\CodeIgniter->run()
#5 C:\Users\USER\Documents\xampp\htdocs\ci4\vendor\codeigniter4\framework\system\Commands\Server\rewrite.php(43): require_once('C:\\Users\\USER\\D...')
#6 {main}
CRITICAL - 2022-05-29 01:14:44 --> syntax error, unexpected token "/"
#0 C:\Users\USER\Documents\xampp\htdocs\ci4\vendor\codeigniter4\framework\system\Router\Router.php(175): CodeIgniter\Router\Router->autoRoute('content/index/v...')
#1 C:\Users\USER\Documents\xampp\htdocs\ci4\vendor\codeigniter4\framework\system\CodeIgniter.php(726): CodeIgniter\Router\Router->handle('content/index/v...')
#2 C:\Users\USER\Documents\xampp\htdocs\ci4\vendor\codeigniter4\framework\system\CodeIgniter.php(368): CodeIgniter\CodeIgniter->tryToRouteIt(Object(CodeIgniter\Router\RouteCollection))
#3 C:\Users\USER\Documents\xampp\htdocs\ci4\vendor\codeigniter4\framework\system\CodeIgniter.php(326): CodeIgniter\CodeIgniter->handleRequest(NULL, Object(Config\Cache), false)
#4 C:\Users\USER\Documents\xampp\htdocs\ci4\public\index.php(37): CodeIgniter\CodeIgniter->run()
#5 C:\Users\USER\Documents\xampp\htdocs\ci4\vendor\codeigniter4\framework\system\Commands\Server\rewrite.php(43): require_once('C:\\Users\\USER\\D...')
#6 {main}
CRITICAL - 2022-05-29 01:14:52 --> syntax error, unexpected token "/"
#0 C:\Users\USER\Documents\xampp\htdocs\ci4\vendor\codeigniter4\framework\system\Router\Router.php(175): CodeIgniter\Router\Router->autoRoute('content/index/v...')
#1 C:\Users\USER\Documents\xampp\htdocs\ci4\vendor\codeigniter4\framework\system\CodeIgniter.php(726): CodeIgniter\Router\Router->handle('content/index/v...')
#2 C:\Users\USER\Documents\xampp\htdocs\ci4\vendor\codeigniter4\framework\system\CodeIgniter.php(368): CodeIgniter\CodeIgniter->tryToRouteIt(Object(CodeIgniter\Router\RouteCollection))
#3 C:\Users\USER\Documents\xampp\htdocs\ci4\vendor\codeigniter4\framework\system\CodeIgniter.php(326): CodeIgniter\CodeIgniter->handleRequest(NULL, Object(Config\Cache), false)
#4 C:\Users\USER\Documents\xampp\htdocs\ci4\public\index.php(37): CodeIgniter\CodeIgniter->run()
#5 C:\Users\USER\Documents\xampp\htdocs\ci4\vendor\codeigniter4\framework\system\Commands\Server\rewrite.php(43): require_once('C:\\Users\\USER\\D...')
#6 {main}
CRITICAL - 2022-05-29 01:15:45 --> syntax error, unexpected token "/"
#0 C:\Users\USER\Documents\xampp\htdocs\ci4\vendor\codeigniter4\framework\system\Router\Router.php(175): CodeIgniter\Router\Router->autoRoute('content/index/v...')
#1 C:\Users\USER\Documents\xampp\htdocs\ci4\vendor\codeigniter4\framework\system\CodeIgniter.php(726): CodeIgniter\Router\Router->handle('content/index/v...')
#2 C:\Users\USER\Documents\xampp\htdocs\ci4\vendor\codeigniter4\framework\system\CodeIgniter.php(368): CodeIgniter\CodeIgniter->tryToRouteIt(Object(CodeIgniter\Router\RouteCollection))
#3 C:\Users\USER\Documents\xampp\htdocs\ci4\vendor\codeigniter4\framework\system\CodeIgniter.php(326): CodeIgniter\CodeIgniter->handleRequest(NULL, Object(Config\Cache), false)
#4 C:\Users\USER\Documents\xampp\htdocs\ci4\public\index.php(37): CodeIgniter\CodeIgniter->run()
#5 C:\Users\USER\Documents\xampp\htdocs\ci4\vendor\codeigniter4\framework\system\Commands\Server\rewrite.php(43): require_once('C:\\Users\\USER\\D...')
#6 {main}
CRITICAL - 2022-05-29 10:24:27 --> Undefined array key "NPM"
#0 C:\Users\USER\Documents\xampp\htdocs\ci4\app\Views\cv\cv.php(2): CodeIgniter\Debug\Exceptions->errorHandler(2, 'Undefined array...', 'C:\\Users\\USER\\D...', 2)
#1 C:\Users\USER\Documents\xampp\htdocs\ci4\vendor\codeigniter4\framework\system\View\View.php(210): include('C:\\Users\\USER\\D...')
#2 C:\Users\USER\Documents\xampp\htdocs\ci4\vendor\codeigniter4\framework\system\View\View.php(213): CodeIgniter\View\View->CodeIgniter\View\{closure}()
#3 C:\Users\USER\Documents\xampp\htdocs\ci4\vendor\codeigniter4\framework\system\Common.php(1089): CodeIgniter\View\View->render('cv/cv', Array, true)
#4 C:\Users\USER\Documents\xampp\htdocs\ci4\app\Controllers\Home.php(9): view('cv/cv')
#5 C:\Users\USER\Documents\xampp\htdocs\ci4\vendor\codeigniter4\framework\system\CodeIgniter.php(832): App\Controllers\Home->index()
#6 C:\Users\USER\Documents\xampp\htdocs\ci4\vendor\codeigniter4\framework\system\CodeIgniter.php(419): CodeIgniter\CodeIgniter->runController(Object(App\Controllers\Home))
#7 C:\Users\USER\Documents\xampp\htdocs\ci4\vendor\codeigniter4\framework\system\CodeIgniter.php(326): CodeIgniter\CodeIgniter->handleRequest(NULL, Object(Config\Cache), false)
#8 C:\Users\USER\Documents\xampp\htdocs\ci4\public\index.php(37): CodeIgniter\CodeIgniter->run()
#9 C:\Users\USER\Documents\xampp\htdocs\ci4\vendor\codeigniter4\framework\system\Commands\Server\rewrite.php(43): require_once('C:\\Users\\USER\\D...')
#10 {main}
CRITICAL - 2022-05-29 10:35:52 --> Undefined variable $NPM
#0 C:\Users\USER\Documents\xampp\htdocs\ci4\app\Views\cv\cv.php(3): CodeIgniter\Debug\Exceptions->errorHandler(2, 'Undefined varia...', 'C:\\Users\\USER\\D...', 3)
#1 C:\Users\USER\Documents\xampp\htdocs\ci4\vendor\codeigniter4\framework\system\View\View.php(210): include('C:\\Users\\USER\\D...')
#2 C:\Users\USER\Documents\xampp\htdocs\ci4\vendor\codeigniter4\framework\system\View\View.php(213): CodeIgniter\View\View->CodeIgniter\View\{closure}()
#3 C:\Users\USER\Documents\xampp\htdocs\ci4\vendor\codeigniter4\framework\system\Common.php(1089): CodeIgniter\View\View->render('cv/cv', Array, true)
#4 C:\Users\USER\Documents\xampp\htdocs\ci4\app\Controllers\Home.php(9): view('cv/cv')
#5 C:\Users\USER\Documents\xampp\htdocs\ci4\vendor\codeigniter4\framework\system\CodeIgniter.php(832): App\Controllers\Home->index()
#6 C:\Users\USER\Documents\xampp\htdocs\ci4\vendor\codeigniter4\framework\system\CodeIgniter.php(419): CodeIgniter\CodeIgniter->runController(Object(App\Controllers\Home))
#7 C:\Users\USER\Documents\xampp\htdocs\ci4\vendor\codeigniter4\framework\system\CodeIgniter.php(326): CodeIgniter\CodeIgniter->handleRequest(NULL, Object(Config\Cache), false)
#8 C:\Users\USER\Documents\xampp\htdocs\ci4\public\index.php(37): CodeIgniter\CodeIgniter->run()
#9 C:\Users\USER\Documents\xampp\htdocs\ci4\vendor\codeigniter4\framework\system\Commands\Server\rewrite.php(43): require_once('C:\\Users\\USER\\D...')
#10 {main}
CRITICAL - 2022-05-29 10:35:55 --> Undefined array key "NPM"
#0 C:\Users\USER\Documents\xampp\htdocs\ci4\app\Views\cv\cv.php(2): CodeIgniter\Debug\Exceptions->errorHandler(2, 'Undefined array...', 'C:\\Users\\USER\\D...', 2)
#1 C:\Users\USER\Documents\xampp\htdocs\ci4\vendor\codeigniter4\framework\system\View\View.php(210): include('C:\\Users\\USER\\D...')
#2 C:\Users\USER\Documents\xampp\htdocs\ci4\vendor\codeigniter4\framework\system\View\View.php(213): CodeIgniter\View\View->CodeIgniter\View\{closure}()
#3 C:\Users\USER\Documents\xampp\htdocs\ci4\vendor\codeigniter4\framework\system\Common.php(1089): CodeIgniter\View\View->render('cv/cv', Array, true)
#4 C:\Users\USER\Documents\xampp\htdocs\ci4\app\Controllers\Home.php(9): view('cv/cv')
#5 C:\Users\USER\Documents\xampp\htdocs\ci4\vendor\codeigniter4\framework\system\CodeIgniter.php(832): App\Controllers\Home->index()
#6 C:\Users\USER\Documents\xampp\htdocs\ci4\vendor\codeigniter4\framework\system\CodeIgniter.php(419): CodeIgniter\CodeIgniter->runController(Object(App\Controllers\Home))
#7 C:\Users\USER\Documents\xampp\htdocs\ci4\vendor\codeigniter4\framework\system\CodeIgniter.php(326): CodeIgniter\CodeIgniter->handleRequest(NULL, Object(Config\Cache), false)
#8 C:\Users\USER\Documents\xampp\htdocs\ci4\public\index.php(37): CodeIgniter\CodeIgniter->run()
#9 C:\Users\USER\Documents\xampp\htdocs\ci4\vendor\codeigniter4\framework\system\Commands\Server\rewrite.php(43): require_once('C:\\Users\\USER\\D...')
#10 {main}
CRITICAL - 2022-05-29 10:37:07 --> Undefined array key "NPM"
#0 C:\Users\USER\Documents\xampp\htdocs\ci4\app\Views\cv\cv.php(2): CodeIgniter\Debug\Exceptions->errorHandler(2, 'Undefined array...', 'C:\\Users\\USER\\D...', 2)
#1 C:\Users\USER\Documents\xampp\htdocs\ci4\vendor\codeigniter4\framework\system\View\View.php(210): include('C:\\Users\\USER\\D...')
#2 C:\Users\USER\Documents\xampp\htdocs\ci4\vendor\codeigniter4\framework\system\View\View.php(213): CodeIgniter\View\View->CodeIgniter\View\{closure}()
#3 C:\Users\USER\Documents\xampp\htdocs\ci4\vendor\codeigniter4\framework\system\Common.php(1089): CodeIgniter\View\View->render('cv/cv', Array, true)
#4 C:\Users\USER\Documents\xampp\htdocs\ci4\app\Controllers\Home.php(9): view('cv/cv')
#5 C:\Users\USER\Documents\xampp\htdocs\ci4\vendor\codeigniter4\framework\system\CodeIgniter.php(832): App\Controllers\Home->index()
#6 C:\Users\USER\Documents\xampp\htdocs\ci4\vendor\codeigniter4\framework\system\CodeIgniter.php(419): CodeIgniter\CodeIgniter->runController(Object(App\Controllers\Home))
#7 C:\Users\USER\Documents\xampp\htdocs\ci4\vendor\codeigniter4\framework\system\CodeIgniter.php(326): CodeIgniter\CodeIgniter->handleRequest(NULL, Object(Config\Cache), false)
#8 C:\Users\USER\Documents\xampp\htdocs\ci4\public\index.php(37): CodeIgniter\CodeIgniter->run()
#9 C:\Users\USER\Documents\xampp\htdocs\ci4\vendor\codeigniter4\framework\system\Commands\Server\rewrite.php(43): require_once('C:\\Users\\USER\\D...')
#10 {main}
CRITICAL - 2022-05-29 10:37:15 --> Undefined variable $NPM
#0 C:\Users\USER\Documents\xampp\htdocs\ci4\app\Views\cv\cv.php(3): CodeIgniter\Debug\Exceptions->errorHandler(2, 'Undefined varia...', 'C:\\Users\\USER\\D...', 3)
#1 C:\Users\USER\Documents\xampp\htdocs\ci4\vendor\codeigniter4\framework\system\View\View.php(210): include('C:\\Users\\USER\\D...')
#2 C:\Users\USER\Documents\xampp\htdocs\ci4\vendor\codeigniter4\framework\system\View\View.php(213): CodeIgniter\View\View->CodeIgniter\View\{closure}()
#3 C:\Users\USER\Documents\xampp\htdocs\ci4\vendor\codeigniter4\framework\system\Common.php(1089): CodeIgniter\View\View->render('cv/cv', Array, true)
#4 C:\Users\USER\Documents\xampp\htdocs\ci4\app\Controllers\Home.php(9): view('cv/cv')
#5 C:\Users\USER\Documents\xampp\htdocs\ci4\vendor\codeigniter4\framework\system\CodeIgniter.php(832): App\Controllers\Home->index()
#6 C:\Users\USER\Documents\xampp\htdocs\ci4\vendor\codeigniter4\framework\system\CodeIgniter.php(419): CodeIgniter\CodeIgniter->runController(Object(App\Controllers\Home))
#7 C:\Users\USER\Documents\xampp\htdocs\ci4\vendor\codeigniter4\framework\system\CodeIgniter.php(326): CodeIgniter\CodeIgniter->handleRequest(NULL, Object(Config\Cache), false)
#8 C:\Users\USER\Documents\xampp\htdocs\ci4\public\index.php(37): CodeIgniter\CodeIgniter->run()
#9 C:\Users\USER\Documents\xampp\htdocs\ci4\vendor\codeigniter4\framework\system\Commands\Server\rewrite.php(43): require_once('C:\\Users\\USER\\D...')
#10 {main}
CRITICAL - 2022-05-29 10:47:31 --> syntax error, unexpected double-quoted string ": <br/> ", expecting "," or ";"
#0 C:\Users\USER\Documents\xampp\htdocs\ci4\vendor\codeigniter4\framework\system\View\View.php(213): CodeIgniter\View\View->CodeIgniter\View\{closure}()
#1 C:\Users\USER\Documents\xampp\htdocs\ci4\vendor\codeigniter4\framework\system\Common.php(1089): CodeIgniter\View\View->render('cv/cv', Array, true)
#2 C:\Users\USER\Documents\xampp\htdocs\ci4\app\Controllers\Home.php(9): view('cv/cv')
#3 C:\Users\USER\Documents\xampp\htdocs\ci4\vendor\codeigniter4\framework\system\CodeIgniter.php(832): App\Controllers\Home->index()
#4 C:\Users\USER\Documents\xampp\htdocs\ci4\vendor\codeigniter4\framework\system\CodeIgniter.php(419): CodeIgniter\CodeIgniter->runController(Object(App\Controllers\Home))
#5 C:\Users\USER\Documents\xampp\htdocs\ci4\vendor\codeigniter4\framework\system\CodeIgniter.php(326): CodeIgniter\CodeIgniter->handleRequest(NULL, Object(Config\Cache), false)
#6 C:\Users\USER\Documents\xampp\htdocs\ci4\public\index.php(37): CodeIgniter\CodeIgniter->run()
#7 C:\Users\USER\Documents\xampp\htdocs\ci4\vendor\codeigniter4\framework\system\Commands\Server\rewrite.php(43): require_once('C:\\Users\\USER\\D...')
#8 {main}
CRITICAL - 2022-05-29 10:47:37 --> syntax error, unexpected double-quoted string ": <br/> ", expecting "," or ";"
#0 C:\Users\USER\Documents\xampp\htdocs\ci4\vendor\codeigniter4\framework\system\View\View.php(213): CodeIgniter\View\View->CodeIgniter\View\{closure}()
#1 C:\Users\USER\Documents\xampp\htdocs\ci4\vendor\codeigniter4\framework\system\Common.php(1089): CodeIgniter\View\View->render('cv/cv', Array, true)
#2 C:\Users\USER\Documents\xampp\htdocs\ci4\app\Controllers\Home.php(9): view('cv/cv')
#3 C:\Users\USER\Documents\xampp\htdocs\ci4\vendor\codeigniter4\framework\system\CodeIgniter.php(832): App\Controllers\Home->index()
#4 C:\Users\USER\Documents\xampp\htdocs\ci4\vendor\codeigniter4\framework\system\CodeIgniter.php(419): CodeIgniter\CodeIgniter->runController(Object(App\Controllers\Home))
#5 C:\Users\USER\Documents\xampp\htdocs\ci4\vendor\codeigniter4\framework\system\CodeIgniter.php(326): CodeIgniter\CodeIgniter->handleRequest(NULL, Object(Config\Cache), false)
#6 C:\Users\USER\Documents\xampp\htdocs\ci4\public\index.php(37): CodeIgniter\CodeIgniter->run()
#7 C:\Users\USER\Documents\xampp\htdocs\ci4\vendor\codeigniter4\framework\system\Commands\Server\rewrite.php(43): require_once('C:\\Users\\USER\\D...')
#8 {main}
CRITICAL - 2022-05-29 10:47:57 --> syntax error, unexpected token "echo"
#0 C:\Users\USER\Documents\xampp\htdocs\ci4\vendor\codeigniter4\framework\system\View\View.php(213): CodeIgniter\View\View->CodeIgniter\View\{closure}()
#1 C:\Users\USER\Documents\xampp\htdocs\ci4\vendor\codeigniter4\framework\system\Common.php(1089): CodeIgniter\View\View->render('cv/cv', Array, true)
#2 C:\Users\USER\Documents\xampp\htdocs\ci4\app\Controllers\Home.php(9): view('cv/cv')
#3 C:\Users\USER\Documents\xampp\htdocs\ci4\vendor\codeigniter4\framework\system\CodeIgniter.php(832): App\Controllers\Home->index()
#4 C:\Users\USER\Documents\xampp\htdocs\ci4\vendor\codeigniter4\framework\system\CodeIgniter.php(419): CodeIgniter\CodeIgniter->runController(Object(App\Controllers\Home))
#5 C:\Users\USER\Documents\xampp\htdocs\ci4\vendor\codeigniter4\framework\system\CodeIgniter.php(326): CodeIgniter\CodeIgniter->handleRequest(NULL, Object(Config\Cache), false)
#6 C:\Users\USER\Documents\xampp\htdocs\ci4\public\index.php(37): CodeIgniter\CodeIgniter->run()
#7 C:\Users\USER\Documents\xampp\htdocs\ci4\vendor\codeigniter4\framework\system\Commands\Server\rewrite.php(43): require_once('C:\\Users\\USER\\D...')
#8 {main}
CRITICAL - 2022-05-29 10:54:31 --> Undefined array key "JK"
#0 C:\Users\USER\Documents\xampp\htdocs\ci4\app\Views\cv\cv.php(19): CodeIgniter\Debug\Exceptions->errorHandler(2, 'Undefined array...', 'C:\\Users\\USER\\D...', 19)
#1 C:\Users\USER\Documents\xampp\htdocs\ci4\vendor\codeigniter4\framework\system\View\View.php(210): include('C:\\Users\\USER\\D...')
#2 C:\Users\USER\Documents\xampp\htdocs\ci4\vendor\codeigniter4\framework\system\View\View.php(213): CodeIgniter\View\View->CodeIgniter\View\{closure}()
#3 C:\Users\USER\Documents\xampp\htdocs\ci4\vendor\codeigniter4\framework\system\Common.php(1089): CodeIgniter\View\View->render('cv/cv', Array, true)
#4 C:\Users\USER\Documents\xampp\htdocs\ci4\app\Controllers\Home.php(9): view('cv/cv')
#5 C:\Users\USER\Documents\xampp\htdocs\ci4\vendor\codeigniter4\framework\system\CodeIgniter.php(832): App\Controllers\Home->index()
#6 C:\Users\USER\Documents\xampp\htdocs\ci4\vendor\codeigniter4\framework\system\CodeIgniter.php(419): CodeIgniter\CodeIgniter->runController(Object(App\Controllers\Home))
#7 C:\Users\USER\Documents\xampp\htdocs\ci4\vendor\codeigniter4\framework\system\CodeIgniter.php(326): CodeIgniter\CodeIgniter->handleRequest(NULL, Object(Config\Cache), false)
#8 C:\Users\USER\Documents\xampp\htdocs\ci4\public\index.php(37): CodeIgniter\CodeIgniter->run()
#9 C:\Users\USER\Documents\xampp\htdocs\ci4\vendor\codeigniter4\framework\system\Commands\Server\rewrite.php(43): require_once('C:\\Users\\USER\\D...')
#10 {main}
CRITICAL - 2022-05-29 10:54:37 --> Undefined array key "NPM"
#0 C:\Users\USER\Documents\xampp\htdocs\ci4\app\Views\cv\cv.php(9): CodeIgniter\Debug\Exceptions->errorHandler(2, 'Undefined array...', 'C:\\Users\\USER\\D...', 9)
#1 C:\Users\USER\Documents\xampp\htdocs\ci4\vendor\codeigniter4\framework\system\View\View.php(210): include('C:\\Users\\USER\\D...')
#2 C:\Users\USER\Documents\xampp\htdocs\ci4\vendor\codeigniter4\framework\system\View\View.php(213): CodeIgniter\View\View->CodeIgniter\View\{closure}()
#3 C:\Users\USER\Documents\xampp\htdocs\ci4\vendor\codeigniter4\framework\system\Common.php(1089): CodeIgniter\View\View->render('cv/cv', Array, true)
#4 C:\Users\USER\Documents\xampp\htdocs\ci4\app\Controllers\Home.php(9): view('cv/cv')
#5 C:\Users\USER\Documents\xampp\htdocs\ci4\vendor\codeigniter4\framework\system\CodeIgniter.php(832): App\Controllers\Home->index()
#6 C:\Users\USER\Documents\xampp\htdocs\ci4\vendor\codeigniter4\framework\system\CodeIgniter.php(419): CodeIgniter\CodeIgniter->runController(Object(App\Controllers\Home))
#7 C:\Users\USER\Documents\xampp\htdocs\ci4\vendor\codeigniter4\framework\system\CodeIgniter.php(326): CodeIgniter\CodeIgniter->handleRequest(NULL, Object(Config\Cache), false)
#8 C:\Users\USER\Documents\xampp\htdocs\ci4\public\index.php(37): CodeIgniter\CodeIgniter->run()
#9 C:\Users\USER\Documents\xampp\htdocs\ci4\vendor\codeigniter4\framework\system\Commands\Server\rewrite.php(43): require_once('C:\\Users\\USER\\D...')
#10 {main}
CRITICAL - 2022-05-29 10:54:40 --> Undefined array key "JK"
#0 C:\Users\USER\Documents\xampp\htdocs\ci4\app\Views\cv\cv.php(19): CodeIgniter\Debug\Exceptions->errorHandler(2, 'Undefined array...', 'C:\\Users\\USER\\D...', 19)
#1 C:\Users\USER\Documents\xampp\htdocs\ci4\vendor\codeigniter4\framework\system\View\View.php(210): include('C:\\Users\\USER\\D...')
#2 C:\Users\USER\Documents\xampp\htdocs\ci4\vendor\codeigniter4\framework\system\View\View.php(213): CodeIgniter\View\View->CodeIgniter\View\{closure}()
#3 C:\Users\USER\Documents\xampp\htdocs\ci4\vendor\codeigniter4\framework\system\Common.php(1089): CodeIgniter\View\View->render('cv/cv', Array, true)
#4 C:\Users\USER\Documents\xampp\htdocs\ci4\app\Controllers\Home.php(9): view('cv/cv')
#5 C:\Users\USER\Documents\xampp\htdocs\ci4\vendor\codeigniter4\framework\system\CodeIgniter.php(832): App\Controllers\Home->index()
#6 C:\Users\USER\Documents\xampp\htdocs\ci4\vendor\codeigniter4\framework\system\CodeIgniter.php(419): CodeIgniter\CodeIgniter->runController(Object(App\Controllers\Home))
#7 C:\Users\USER\Documents\xampp\htdocs\ci4\vendor\codeigniter4\framework\system\CodeIgniter.php(326): CodeIgniter\CodeIgniter->handleRequest(NULL, Object(Config\Cache), false)
#8 C:\Users\USER\Documents\xampp\htdocs\ci4\public\index.php(37): CodeIgniter\CodeIgniter->run()
#9 C:\Users\USER\Documents\xampp\htdocs\ci4\vendor\codeigniter4\framework\system\Commands\Server\rewrite.php(43): require_once('C:\\Users\\USER\\D...')
#10 {main}
CRITICAL - 2022-05-29 10:54:56 --> Undefined array key "JK"
#0 C:\Users\USER\Documents\xampp\htdocs\ci4\app\Views\cv\cv.php(19): CodeIgniter\Debug\Exceptions->errorHandler(2, 'Undefined array...', 'C:\\Users\\USER\\D...', 19)
#1 C:\Users\USER\Documents\xampp\htdocs\ci4\vendor\codeigniter4\framework\system\View\View.php(210): include('C:\\Users\\USER\\D...')
#2 C:\Users\USER\Documents\xampp\htdocs\ci4\vendor\codeigniter4\framework\system\View\View.php(213): CodeIgniter\View\View->CodeIgniter\View\{closure}()
#3 C:\Users\USER\Documents\xampp\htdocs\ci4\vendor\codeigniter4\framework\system\Common.php(1089): CodeIgniter\View\View->render('cv/cv', Array, true)
#4 C:\Users\USER\Documents\xampp\htdocs\ci4\app\Controllers\Home.php(9): view('cv/cv')
#5 C:\Users\USER\Documents\xampp\htdocs\ci4\vendor\codeigniter4\framework\system\CodeIgniter.php(832): App\Controllers\Home->index()
#6 C:\Users\USER\Documents\xampp\htdocs\ci4\vendor\codeigniter4\framework\system\CodeIgniter.php(419): CodeIgniter\CodeIgniter->runController(Object(App\Controllers\Home))
#7 C:\Users\USER\Documents\xampp\htdocs\ci4\vendor\codeigniter4\framework\system\CodeIgniter.php(326): CodeIgniter\CodeIgniter->handleRequest(NULL, Object(Config\Cache), false)
#8 C:\Users\USER\Documents\xampp\htdocs\ci4\public\index.php(37): CodeIgniter\CodeIgniter->run()
#9 C:\Users\USER\Documents\xampp\htdocs\ci4\vendor\codeigniter4\framework\system\Commands\Server\rewrite.php(43): require_once('C:\\Users\\USER\\D...')
#10 {main}
CRITICAL - 2022-05-29 10:55:02 --> Undefined array key "JK"
#0 C:\Users\USER\Documents\xampp\htdocs\ci4\app\Views\cv\cv.php(19): CodeIgniter\Debug\Exceptions->errorHandler(2, 'Undefined array...', 'C:\\Users\\USER\\D...', 19)
#1 C:\Users\USER\Documents\xampp\htdocs\ci4\vendor\codeigniter4\framework\system\View\View.php(210): include('C:\\Users\\USER\\D...')
#2 C:\Users\USER\Documents\xampp\htdocs\ci4\vendor\codeigniter4\framework\system\View\View.php(213): CodeIgniter\View\View->CodeIgniter\View\{closure}()
#3 C:\Users\USER\Documents\xampp\htdocs\ci4\vendor\codeigniter4\framework\system\Common.php(1089): CodeIgniter\View\View->render('cv/cv', Array, true)
#4 C:\Users\USER\Documents\xampp\htdocs\ci4\app\Controllers\Home.php(9): view('cv/cv')
#5 C:\Users\USER\Documents\xampp\htdocs\ci4\vendor\codeigniter4\framework\system\CodeIgniter.php(832): App\Controllers\Home->index()
#6 C:\Users\USER\Documents\xampp\htdocs\ci4\vendor\codeigniter4\framework\system\CodeIgniter.php(419): CodeIgniter\CodeIgniter->runController(Object(App\Controllers\Home))
#7 C:\Users\USER\Documents\xampp\htdocs\ci4\vendor\codeigniter4\framework\system\CodeIgniter.php(326): CodeIgniter\CodeIgniter->handleRequest(NULL, Object(Config\Cache), false)
#8 C:\Users\USER\Documents\xampp\htdocs\ci4\public\index.php(37): CodeIgniter\CodeIgniter->run()
#9 C:\Users\USER\Documents\xampp\htdocs\ci4\vendor\codeigniter4\framework\system\Commands\Server\rewrite.php(43): require_once('C:\\Users\\USER\\D...')
#10 {main}
