CRITICAL - 2022-06-20 03:52:53 --> Cannot declare class App\Controllers\About, because the name is already in use
#0 [internal function]: CodeIgniter\Debug\Exceptions->shutdownHandler()
#1 {main}
CRITICAL - 2022-06-20 03:55:27 --> Cannot declare class App\Controllers\About, because the name is already in use
#0 [internal function]: CodeIgniter\Debug\Exceptions->shutdownHandler()
#1 {main}
ERROR - 2022-06-20 03:57:25 --> Error connecting to the database: No connection could be made because the target machine actively refused it
CRITICAL - 2022-06-20 03:57:25 --> Unable to connect to the database.
Main connection [MySQLi]: No connection could be made because the target machine actively refused it
#0 C:\Users\USER\Documents\xampp\htdocs\ci4\vendor\codeigniter4\framework\system\Database\BaseConnection.php(577): CodeIgniter\Database\BaseConnection->initialize()
#1 C:\Users\USER\Documents\xampp\htdocs\ci4\vendor\codeigniter4\framework\system\Database\BaseBuilder.php(1455): CodeIgniter\Database\BaseConnection->query('SELECT *\nFROM `...', Array, false)
#2 C:\Users\USER\Documents\xampp\htdocs\ci4\vendor\codeigniter4\framework\system\Model.php(210): CodeIgniter\Database\BaseBuilder->get()
#3 C:\Users\USER\Documents\xampp\htdocs\ci4\vendor\codeigniter4\framework\system\BaseModel.php(622): CodeIgniter\Model->doFirst()
#4 C:\Users\USER\Documents\xampp\htdocs\ci4\app\Controllers\Aboute.php(15): CodeIgniter\BaseModel->first()
#5 C:\Users\USER\Documents\xampp\htdocs\ci4\vendor\codeigniter4\framework\system\CodeIgniter.php(832): App\Controllers\Aboute->index()
#6 C:\Users\USER\Documents\xampp\htdocs\ci4\vendor\codeigniter4\framework\system\CodeIgniter.php(419): CodeIgniter\CodeIgniter->runController(Object(App\Controllers\Aboute))
#7 C:\Users\USER\Documents\xampp\htdocs\ci4\vendor\codeigniter4\framework\system\CodeIgniter.php(326): CodeIgniter\CodeIgniter->handleRequest(NULL, Object(Config\Cache), false)
#8 C:\Users\USER\Documents\xampp\htdocs\ci4\public\index.php(37): CodeIgniter\CodeIgniter->run()
#9 C:\Users\USER\Documents\xampp\htdocs\ci4\vendor\codeigniter4\framework\system\Commands\Server\rewrite.php(43): require_once('C:\\Users\\USER\\D...')
#10 {main}
CRITICAL - 2022-06-20 09:47:42 --> Array to string conversion
#0 C:\Users\USER\Documents\xampp\htdocs\ci4\app\Views\portofolio\cv_dua.php(51): CodeIgniter\Debug\Exceptions->errorHandler(2, 'Array to string...', 'C:\\Users\\USER\\D...', 51)
#1 C:\Users\USER\Documents\xampp\htdocs\ci4\vendor\codeigniter4\framework\system\View\View.php(210): include('C:\\Users\\USER\\D...')
#2 C:\Users\USER\Documents\xampp\htdocs\ci4\vendor\codeigniter4\framework\system\View\View.php(213): CodeIgniter\View\View->CodeIgniter\View\{closure}()
#3 C:\Users\USER\Documents\xampp\htdocs\ci4\vendor\codeigniter4\framework\system\Common.php(1089): CodeIgniter\View\View->render('portofolio/cv_d...', Array, true)
#4 C:\Users\USER\Documents\xampp\htdocs\ci4\app\Controllers\Portofolio.php(15): view('portofolio/cv_d...', Array)
#5 C:\Users\USER\Documents\xampp\htdocs\ci4\vendor\codeigniter4\framework\system\CodeIgniter.php(832): App\Controllers\Portofolio->index()
#6 C:\Users\USER\Documents\xampp\htdocs\ci4\vendor\codeigniter4\framework\system\CodeIgniter.php(419): CodeIgniter\CodeIgniter->runController(Object(App\Controllers\Portofolio))
#7 C:\Users\USER\Documents\xampp\htdocs\ci4\vendor\codeigniter4\framework\system\CodeIgniter.php(326): CodeIgniter\CodeIgniter->handleRequest(NULL, Object(Config\Cache), false)
#8 C:\Users\USER\Documents\xampp\htdocs\ci4\public\index.php(37): CodeIgniter\CodeIgniter->run()
#9 C:\Users\USER\Documents\xampp\htdocs\ci4\vendor\codeigniter4\framework\system\Commands\Server\rewrite.php(43): require_once('C:\\Users\\USER\\D...')
#10 {main}
CRITICAL - 2022-06-20 09:51:06 --> Array to string conversion
#0 C:\Users\USER\Documents\xampp\htdocs\ci4\app\Views\portofolio\cv_dua.php(51): CodeIgniter\Debug\Exceptions->errorHandler(2, 'Array to string...', 'C:\\Users\\USER\\D...', 51)
#1 C:\Users\USER\Documents\xampp\htdocs\ci4\vendor\codeigniter4\framework\system\View\View.php(210): include('C:\\Users\\USER\\D...')
#2 C:\Users\USER\Documents\xampp\htdocs\ci4\vendor\codeigniter4\framework\system\View\View.php(213): CodeIgniter\View\View->CodeIgniter\View\{closure}()
#3 C:\Users\USER\Documents\xampp\htdocs\ci4\vendor\codeigniter4\framework\system\Common.php(1089): CodeIgniter\View\View->render('portofolio/cv_d...', Array, true)
#4 C:\Users\USER\Documents\xampp\htdocs\ci4\app\Controllers\Portofolio.php(15): view('portofolio/cv_d...', Array)
#5 C:\Users\USER\Documents\xampp\htdocs\ci4\vendor\codeigniter4\framework\system\CodeIgniter.php(832): App\Controllers\Portofolio->index()
#6 C:\Users\USER\Documents\xampp\htdocs\ci4\vendor\codeigniter4\framework\system\CodeIgniter.php(419): CodeIgniter\CodeIgniter->runController(Object(App\Controllers\Portofolio))
#7 C:\Users\USER\Documents\xampp\htdocs\ci4\vendor\codeigniter4\framework\system\CodeIgniter.php(326): CodeIgniter\CodeIgniter->handleRequest(NULL, Object(Config\Cache), false)
#8 C:\Users\USER\Documents\xampp\htdocs\ci4\public\index.php(37): CodeIgniter\CodeIgniter->run()
#9 C:\Users\USER\Documents\xampp\htdocs\ci4\vendor\codeigniter4\framework\system\Commands\Server\rewrite.php(43): require_once('C:\\Users\\USER\\D...')
#10 {main}
CRITICAL - 2022-06-20 09:53:22 --> Attempt to read property "nama" on array
#0 C:\Users\USER\Documents\xampp\htdocs\ci4\app\Views\portofolio\cv_dua.php(52): CodeIgniter\Debug\Exceptions->errorHandler(2, 'Attempt to read...', 'C:\\Users\\USER\\D...', 52)
#1 C:\Users\USER\Documents\xampp\htdocs\ci4\vendor\codeigniter4\framework\system\View\View.php(210): include('C:\\Users\\USER\\D...')
#2 C:\Users\USER\Documents\xampp\htdocs\ci4\vendor\codeigniter4\framework\system\View\View.php(213): CodeIgniter\View\View->CodeIgniter\View\{closure}()
#3 C:\Users\USER\Documents\xampp\htdocs\ci4\vendor\codeigniter4\framework\system\Common.php(1089): CodeIgniter\View\View->render('portofolio/cv_d...', Array, true)
#4 C:\Users\USER\Documents\xampp\htdocs\ci4\app\Controllers\Portofolio.php(15): view('portofolio/cv_d...', Array)
#5 C:\Users\USER\Documents\xampp\htdocs\ci4\vendor\codeigniter4\framework\system\CodeIgniter.php(832): App\Controllers\Portofolio->index()
#6 C:\Users\USER\Documents\xampp\htdocs\ci4\vendor\codeigniter4\framework\system\CodeIgniter.php(419): CodeIgniter\CodeIgniter->runController(Object(App\Controllers\Portofolio))
#7 C:\Users\USER\Documents\xampp\htdocs\ci4\vendor\codeigniter4\framework\system\CodeIgniter.php(326): CodeIgniter\CodeIgniter->handleRequest(NULL, Object(Config\Cache), false)
#8 C:\Users\USER\Documents\xampp\htdocs\ci4\public\index.php(37): CodeIgniter\CodeIgniter->run()
#9 C:\Users\USER\Documents\xampp\htdocs\ci4\vendor\codeigniter4\framework\system\Commands\Server\rewrite.php(43): require_once('C:\\Users\\USER\\D...')
#10 {main}
CRITICAL - 2022-06-20 10:11:51 --> Attempt to read property "nama" on array
#0 C:\Users\USER\Documents\xampp\htdocs\ci4\app\Views\portofolio\cv_dua.php(52): CodeIgniter\Debug\Exceptions->errorHandler(2, 'Attempt to read...', 'C:\\Users\\USER\\D...', 52)
#1 C:\Users\USER\Documents\xampp\htdocs\ci4\vendor\codeigniter4\framework\system\View\View.php(210): include('C:\\Users\\USER\\D...')
#2 C:\Users\USER\Documents\xampp\htdocs\ci4\vendor\codeigniter4\framework\system\View\View.php(213): CodeIgniter\View\View->CodeIgniter\View\{closure}()
#3 C:\Users\USER\Documents\xampp\htdocs\ci4\vendor\codeigniter4\framework\system\Common.php(1089): CodeIgniter\View\View->render('portofolio/cv_d...', Array, true)
#4 C:\Users\USER\Documents\xampp\htdocs\ci4\app\Controllers\Portofolio.php(15): view('portofolio/cv_d...', Array)
#5 C:\Users\USER\Documents\xampp\htdocs\ci4\vendor\codeigniter4\framework\system\CodeIgniter.php(832): App\Controllers\Portofolio->index()
#6 C:\Users\USER\Documents\xampp\htdocs\ci4\vendor\codeigniter4\framework\system\CodeIgniter.php(419): CodeIgniter\CodeIgniter->runController(Object(App\Controllers\Portofolio))
#7 C:\Users\USER\Documents\xampp\htdocs\ci4\vendor\codeigniter4\framework\system\CodeIgniter.php(326): CodeIgniter\CodeIgniter->handleRequest(NULL, Object(Config\Cache), false)
#8 C:\Users\USER\Documents\xampp\htdocs\ci4\public\index.php(37): CodeIgniter\CodeIgniter->run()
#9 C:\Users\USER\Documents\xampp\htdocs\ci4\vendor\codeigniter4\framework\system\Commands\Server\rewrite.php(43): require_once('C:\\Users\\USER\\D...')
#10 {main}
CRITICAL - 2022-06-20 10:12:12 --> Array to string conversion
#0 C:\Users\USER\Documents\xampp\htdocs\ci4\app\Views\portofolio\cv_dua.php(52): CodeIgniter\Debug\Exceptions->errorHandler(2, 'Array to string...', 'C:\\Users\\USER\\D...', 52)
#1 C:\Users\USER\Documents\xampp\htdocs\ci4\vendor\codeigniter4\framework\system\View\View.php(210): include('C:\\Users\\USER\\D...')
#2 C:\Users\USER\Documents\xampp\htdocs\ci4\vendor\codeigniter4\framework\system\View\View.php(213): CodeIgniter\View\View->CodeIgniter\View\{closure}()
#3 C:\Users\USER\Documents\xampp\htdocs\ci4\vendor\codeigniter4\framework\system\Common.php(1089): CodeIgniter\View\View->render('portofolio/cv_d...', Array, true)
#4 C:\Users\USER\Documents\xampp\htdocs\ci4\app\Controllers\Portofolio.php(15): view('portofolio/cv_d...', Array)
#5 C:\Users\USER\Documents\xampp\htdocs\ci4\vendor\codeigniter4\framework\system\CodeIgniter.php(832): App\Controllers\Portofolio->index()
#6 C:\Users\USER\Documents\xampp\htdocs\ci4\vendor\codeigniter4\framework\system\CodeIgniter.php(419): CodeIgniter\CodeIgniter->runController(Object(App\Controllers\Portofolio))
#7 C:\Users\USER\Documents\xampp\htdocs\ci4\vendor\codeigniter4\framework\system\CodeIgniter.php(326): CodeIgniter\CodeIgniter->handleRequest(NULL, Object(Config\Cache), false)
#8 C:\Users\USER\Documents\xampp\htdocs\ci4\public\index.php(37): CodeIgniter\CodeIgniter->run()
#9 C:\Users\USER\Documents\xampp\htdocs\ci4\vendor\codeigniter4\framework\system\Commands\Server\rewrite.php(43): require_once('C:\\Users\\USER\\D...')
#10 {main}
CRITICAL - 2022-06-20 10:12:33 --> Undefined array key "identitas"
#0 C:\Users\USER\Documents\xampp\htdocs\ci4\app\Views\portofolio\cv_dua.php(52): CodeIgniter\Debug\Exceptions->errorHandler(2, 'Undefined array...', 'C:\\Users\\USER\\D...', 52)
#1 C:\Users\USER\Documents\xampp\htdocs\ci4\vendor\codeigniter4\framework\system\View\View.php(210): include('C:\\Users\\USER\\D...')
#2 C:\Users\USER\Documents\xampp\htdocs\ci4\vendor\codeigniter4\framework\system\View\View.php(213): CodeIgniter\View\View->CodeIgniter\View\{closure}()
#3 C:\Users\USER\Documents\xampp\htdocs\ci4\vendor\codeigniter4\framework\system\Common.php(1089): CodeIgniter\View\View->render('portofolio/cv_d...', Array, true)
#4 C:\Users\USER\Documents\xampp\htdocs\ci4\app\Controllers\Portofolio.php(15): view('portofolio/cv_d...', Array)
#5 C:\Users\USER\Documents\xampp\htdocs\ci4\vendor\codeigniter4\framework\system\CodeIgniter.php(832): App\Controllers\Portofolio->index()
#6 C:\Users\USER\Documents\xampp\htdocs\ci4\vendor\codeigniter4\framework\system\CodeIgniter.php(419): CodeIgniter\CodeIgniter->runController(Object(App\Controllers\Portofolio))
#7 C:\Users\USER\Documents\xampp\htdocs\ci4\vendor\codeigniter4\framework\system\CodeIgniter.php(326): CodeIgniter\CodeIgniter->handleRequest(NULL, Object(Config\Cache), false)
#8 C:\Users\USER\Documents\xampp\htdocs\ci4\public\index.php(37): CodeIgniter\CodeIgniter->run()
#9 C:\Users\USER\Documents\xampp\htdocs\ci4\vendor\codeigniter4\framework\system\Commands\Server\rewrite.php(43): require_once('C:\\Users\\USER\\D...')
#10 {main}
CRITICAL - 2022-06-20 10:12:53 --> Undefined property: App\Controllers\Portofolio::$uri
#0 C:\Users\USER\Documents\xampp\htdocs\ci4\app\Controllers\Portofolio.php(35): CodeIgniter\Debug\Exceptions->errorHandler(2, 'Undefined prope...', 'C:\\Users\\USER\\D...', 35)
#1 C:\Users\USER\Documents\xampp\htdocs\ci4\vendor\codeigniter4\framework\system\CodeIgniter.php(832): App\Controllers\Portofolio->delete('Anggi Mustika S...')
#2 C:\Users\USER\Documents\xampp\htdocs\ci4\vendor\codeigniter4\framework\system\CodeIgniter.php(419): CodeIgniter\CodeIgniter->runController(Object(App\Controllers\Portofolio))
#3 C:\Users\USER\Documents\xampp\htdocs\ci4\vendor\codeigniter4\framework\system\CodeIgniter.php(326): CodeIgniter\CodeIgniter->handleRequest(NULL, Object(Config\Cache), false)
#4 C:\Users\USER\Documents\xampp\htdocs\ci4\public\index.php(37): CodeIgniter\CodeIgniter->run()
#5 C:\Users\USER\Documents\xampp\htdocs\ci4\vendor\codeigniter4\framework\system\Commands\Server\rewrite.php(43): require_once('C:\\Users\\USER\\D...')
#6 {main}
CRITICAL - 2022-06-20 11:45:43 --> Unmatched '}'
#0 C:\Users\USER\Documents\xampp\htdocs\ci4\vendor\codeigniter4\framework\system\Autoloader\Autoloader.php(241): CodeIgniter\Autoloader\Autoloader->includeFile('C:\\Users\\USER\\D...')
#1 C:\Users\USER\Documents\xampp\htdocs\ci4\vendor\codeigniter4\framework\system\Autoloader\Autoloader.php(219): CodeIgniter\Autoloader\Autoloader->loadInNamespace('App\\Models\\Data...')
#2 C:\Users\USER\Documents\xampp\htdocs\ci4\app\Controllers\Portofolio.php(11): CodeIgniter\Autoloader\Autoloader->loadClass('App\\Models\\Data...')
#3 C:\Users\USER\Documents\xampp\htdocs\ci4\vendor\codeigniter4\framework\system\CodeIgniter.php(809): App\Controllers\Portofolio->__construct()
#4 C:\Users\USER\Documents\xampp\htdocs\ci4\vendor\codeigniter4\framework\system\CodeIgniter.php(410): CodeIgniter\CodeIgniter->createController()
#5 C:\Users\USER\Documents\xampp\htdocs\ci4\vendor\codeigniter4\framework\system\CodeIgniter.php(326): CodeIgniter\CodeIgniter->handleRequest(NULL, Object(Config\Cache), false)
#6 C:\Users\USER\Documents\xampp\htdocs\ci4\public\index.php(37): CodeIgniter\CodeIgniter->run()
#7 C:\Users\USER\Documents\xampp\htdocs\ci4\vendor\codeigniter4\framework\system\Commands\Server\rewrite.php(43): require_once('C:\\Users\\USER\\D...')
#8 {main}
CRITICAL - 2022-06-20 11:49:58 --> syntax error, unexpected token ",", expecting "]"
#0 C:\Users\USER\Documents\xampp\htdocs\ci4\vendor\codeigniter4\framework\system\View\View.php(213): CodeIgniter\View\View->CodeIgniter\View\{closure}()
#1 C:\Users\USER\Documents\xampp\htdocs\ci4\vendor\codeigniter4\framework\system\Common.php(1089): CodeIgniter\View\View->render('portofolio/cv_d...', Array, true)
#2 C:\Users\USER\Documents\xampp\htdocs\ci4\app\Controllers\Portofolio.php(15): view('portofolio/cv_d...', Array)
#3 C:\Users\USER\Documents\xampp\htdocs\ci4\vendor\codeigniter4\framework\system\CodeIgniter.php(832): App\Controllers\Portofolio->index()
#4 C:\Users\USER\Documents\xampp\htdocs\ci4\vendor\codeigniter4\framework\system\CodeIgniter.php(419): CodeIgniter\CodeIgniter->runController(Object(App\Controllers\Portofolio))
#5 C:\Users\USER\Documents\xampp\htdocs\ci4\vendor\codeigniter4\framework\system\CodeIgniter.php(326): CodeIgniter\CodeIgniter->handleRequest(NULL, Object(Config\Cache), false)
#6 C:\Users\USER\Documents\xampp\htdocs\ci4\public\index.php(37): CodeIgniter\CodeIgniter->run()
#7 C:\Users\USER\Documents\xampp\htdocs\ci4\vendor\codeigniter4\framework\system\Commands\Server\rewrite.php(43): require_once('C:\\Users\\USER\\D...')
#8 {main}
CRITICAL - 2022-06-20 11:58:29 --> Undefined variable $identitas
#0 C:\Users\USER\Documents\xampp\htdocs\ci4\app\Views\portofolio\add.php(5): CodeIgniter\Debug\Exceptions->errorHandler(2, 'Undefined varia...', 'C:\\Users\\USER\\D...', 5)
#1 C:\Users\USER\Documents\xampp\htdocs\ci4\vendor\codeigniter4\framework\system\View\View.php(210): include('C:\\Users\\USER\\D...')
#2 C:\Users\USER\Documents\xampp\htdocs\ci4\vendor\codeigniter4\framework\system\View\View.php(213): CodeIgniter\View\View->CodeIgniter\View\{closure}()
#3 C:\Users\USER\Documents\xampp\htdocs\ci4\vendor\codeigniter4\framework\system\Common.php(1089): CodeIgniter\View\View->render('portofolio/add', Array, true)
#4 C:\Users\USER\Documents\xampp\htdocs\ci4\app\Controllers\Portofolio.php(19): view('portofolio/add')
#5 C:\Users\USER\Documents\xampp\htdocs\ci4\vendor\codeigniter4\framework\system\CodeIgniter.php(832): App\Controllers\Portofolio->add()
#6 C:\Users\USER\Documents\xampp\htdocs\ci4\vendor\codeigniter4\framework\system\CodeIgniter.php(419): CodeIgniter\CodeIgniter->runController(Object(App\Controllers\Portofolio))
#7 C:\Users\USER\Documents\xampp\htdocs\ci4\vendor\codeigniter4\framework\system\CodeIgniter.php(326): CodeIgniter\CodeIgniter->handleRequest(NULL, Object(Config\Cache), false)
#8 C:\Users\USER\Documents\xampp\htdocs\ci4\public\index.php(37): CodeIgniter\CodeIgniter->run()
#9 C:\Users\USER\Documents\xampp\htdocs\ci4\vendor\codeigniter4\framework\system\Commands\Server\rewrite.php(43): require_once('C:\\Users\\USER\\D...')
#10 {main}
CRITICAL - 2022-06-20 11:59:59 --> Undefined variable $identitas
#0 C:\Users\USER\Documents\xampp\htdocs\ci4\app\Views\portofolio\add.php(5): CodeIgniter\Debug\Exceptions->errorHandler(2, 'Undefined varia...', 'C:\\Users\\USER\\D...', 5)
#1 C:\Users\USER\Documents\xampp\htdocs\ci4\vendor\codeigniter4\framework\system\View\View.php(210): include('C:\\Users\\USER\\D...')
#2 C:\Users\USER\Documents\xampp\htdocs\ci4\vendor\codeigniter4\framework\system\View\View.php(213): CodeIgniter\View\View->CodeIgniter\View\{closure}()
#3 C:\Users\USER\Documents\xampp\htdocs\ci4\vendor\codeigniter4\framework\system\Common.php(1089): CodeIgniter\View\View->render('portofolio/add', Array, true)
#4 C:\Users\USER\Documents\xampp\htdocs\ci4\app\Controllers\Portofolio.php(19): view('portofolio/add')
#5 C:\Users\USER\Documents\xampp\htdocs\ci4\vendor\codeigniter4\framework\system\CodeIgniter.php(832): App\Controllers\Portofolio->add()
#6 C:\Users\USER\Documents\xampp\htdocs\ci4\vendor\codeigniter4\framework\system\CodeIgniter.php(419): CodeIgniter\CodeIgniter->runController(Object(App\Controllers\Portofolio))
#7 C:\Users\USER\Documents\xampp\htdocs\ci4\vendor\codeigniter4\framework\system\CodeIgniter.php(326): CodeIgniter\CodeIgniter->handleRequest(NULL, Object(Config\Cache), false)
#8 C:\Users\USER\Documents\xampp\htdocs\ci4\public\index.php(37): CodeIgniter\CodeIgniter->run()
#9 C:\Users\USER\Documents\xampp\htdocs\ci4\vendor\codeigniter4\framework\system\Commands\Server\rewrite.php(43): require_once('C:\\Users\\USER\\D...')
#10 {main}
CRITICAL - 2022-06-20 12:00:18 --> Undefined variable $identitas
#0 C:\Users\USER\Documents\xampp\htdocs\ci4\app\Views\portofolio\add.php(11): CodeIgniter\Debug\Exceptions->errorHandler(2, 'Undefined varia...', 'C:\\Users\\USER\\D...', 11)
#1 C:\Users\USER\Documents\xampp\htdocs\ci4\vendor\codeigniter4\framework\system\View\View.php(210): include('C:\\Users\\USER\\D...')
#2 C:\Users\USER\Documents\xampp\htdocs\ci4\vendor\codeigniter4\framework\system\View\View.php(213): CodeIgniter\View\View->CodeIgniter\View\{closure}()
#3 C:\Users\USER\Documents\xampp\htdocs\ci4\vendor\codeigniter4\framework\system\Common.php(1089): CodeIgniter\View\View->render('portofolio/add', Array, true)
#4 C:\Users\USER\Documents\xampp\htdocs\ci4\app\Controllers\Portofolio.php(19): view('portofolio/add')
#5 C:\Users\USER\Documents\xampp\htdocs\ci4\vendor\codeigniter4\framework\system\CodeIgniter.php(832): App\Controllers\Portofolio->add()
#6 C:\Users\USER\Documents\xampp\htdocs\ci4\vendor\codeigniter4\framework\system\CodeIgniter.php(419): CodeIgniter\CodeIgniter->runController(Object(App\Controllers\Portofolio))
#7 C:\Users\USER\Documents\xampp\htdocs\ci4\vendor\codeigniter4\framework\system\CodeIgniter.php(326): CodeIgniter\CodeIgniter->handleRequest(NULL, Object(Config\Cache), false)
#8 C:\Users\USER\Documents\xampp\htdocs\ci4\public\index.php(37): CodeIgniter\CodeIgniter->run()
#9 C:\Users\USER\Documents\xampp\htdocs\ci4\vendor\codeigniter4\framework\system\Commands\Server\rewrite.php(43): require_once('C:\\Users\\USER\\D...')
#10 {main}
CRITICAL - 2022-06-20 12:01:10 --> Undefined variable $identitas
#0 C:\Users\USER\Documents\xampp\htdocs\ci4\app\Views\portofolio\add.php(11): CodeIgniter\Debug\Exceptions->errorHandler(2, 'Undefined varia...', 'C:\\Users\\USER\\D...', 11)
#1 C:\Users\USER\Documents\xampp\htdocs\ci4\vendor\codeigniter4\framework\system\View\View.php(210): include('C:\\Users\\USER\\D...')
#2 C:\Users\USER\Documents\xampp\htdocs\ci4\vendor\codeigniter4\framework\system\View\View.php(213): CodeIgniter\View\View->CodeIgniter\View\{closure}()
#3 C:\Users\USER\Documents\xampp\htdocs\ci4\vendor\codeigniter4\framework\system\Common.php(1089): CodeIgniter\View\View->render('portofolio/add', Array, true)
#4 C:\Users\USER\Documents\xampp\htdocs\ci4\app\Controllers\Portofolio.php(19): view('portofolio/add')
#5 C:\Users\USER\Documents\xampp\htdocs\ci4\vendor\codeigniter4\framework\system\CodeIgniter.php(832): App\Controllers\Portofolio->add()
#6 C:\Users\USER\Documents\xampp\htdocs\ci4\vendor\codeigniter4\framework\system\CodeIgniter.php(419): CodeIgniter\CodeIgniter->runController(Object(App\Controllers\Portofolio))
#7 C:\Users\USER\Documents\xampp\htdocs\ci4\vendor\codeigniter4\framework\system\CodeIgniter.php(326): CodeIgniter\CodeIgniter->handleRequest(NULL, Object(Config\Cache), false)
#8 C:\Users\USER\Documents\xampp\htdocs\ci4\public\index.php(37): CodeIgniter\CodeIgniter->run()
#9 C:\Users\USER\Documents\xampp\htdocs\ci4\vendor\codeigniter4\framework\system\Commands\Server\rewrite.php(43): require_once('C:\\Users\\USER\\D...')
#10 {main}
CRITICAL - 2022-06-20 12:01:49 --> Undefined variable $identitas
#0 C:\Users\USER\Documents\xampp\htdocs\ci4\app\Views\portofolio\add.php(19): CodeIgniter\Debug\Exceptions->errorHandler(2, 'Undefined varia...', 'C:\\Users\\USER\\D...', 19)
#1 C:\Users\USER\Documents\xampp\htdocs\ci4\vendor\codeigniter4\framework\system\View\View.php(210): include('C:\\Users\\USER\\D...')
#2 C:\Users\USER\Documents\xampp\htdocs\ci4\vendor\codeigniter4\framework\system\View\View.php(213): CodeIgniter\View\View->CodeIgniter\View\{closure}()
#3 C:\Users\USER\Documents\xampp\htdocs\ci4\vendor\codeigniter4\framework\system\Common.php(1089): CodeIgniter\View\View->render('portofolio/add', Array, true)
#4 C:\Users\USER\Documents\xampp\htdocs\ci4\app\Controllers\Portofolio.php(19): view('portofolio/add')
#5 C:\Users\USER\Documents\xampp\htdocs\ci4\vendor\codeigniter4\framework\system\CodeIgniter.php(832): App\Controllers\Portofolio->add()
#6 C:\Users\USER\Documents\xampp\htdocs\ci4\vendor\codeigniter4\framework\system\CodeIgniter.php(419): CodeIgniter\CodeIgniter->runController(Object(App\Controllers\Portofolio))
#7 C:\Users\USER\Documents\xampp\htdocs\ci4\vendor\codeigniter4\framework\system\CodeIgniter.php(326): CodeIgniter\CodeIgniter->handleRequest(NULL, Object(Config\Cache), false)
#8 C:\Users\USER\Documents\xampp\htdocs\ci4\public\index.php(37): CodeIgniter\CodeIgniter->run()
#9 C:\Users\USER\Documents\xampp\htdocs\ci4\vendor\codeigniter4\framework\system\Commands\Server\rewrite.php(43): require_once('C:\\Users\\USER\\D...')
#10 {main}
CRITICAL - 2022-06-20 12:04:08 --> Undefined variable $identitas
#0 C:\Users\USER\Documents\xampp\htdocs\ci4\app\Views\portofolio\add.php(11): CodeIgniter\Debug\Exceptions->errorHandler(2, 'Undefined varia...', 'C:\\Users\\USER\\D...', 11)
#1 C:\Users\USER\Documents\xampp\htdocs\ci4\vendor\codeigniter4\framework\system\View\View.php(210): include('C:\\Users\\USER\\D...')
#2 C:\Users\USER\Documents\xampp\htdocs\ci4\vendor\codeigniter4\framework\system\View\View.php(213): CodeIgniter\View\View->CodeIgniter\View\{closure}()
#3 C:\Users\USER\Documents\xampp\htdocs\ci4\vendor\codeigniter4\framework\system\Common.php(1089): CodeIgniter\View\View->render('portofolio/add', Array, true)
#4 C:\Users\USER\Documents\xampp\htdocs\ci4\app\Controllers\Portofolio.php(19): view('portofolio/add')
#5 C:\Users\USER\Documents\xampp\htdocs\ci4\vendor\codeigniter4\framework\system\CodeIgniter.php(832): App\Controllers\Portofolio->add()
#6 C:\Users\USER\Documents\xampp\htdocs\ci4\vendor\codeigniter4\framework\system\CodeIgniter.php(419): CodeIgniter\CodeIgniter->runController(Object(App\Controllers\Portofolio))
#7 C:\Users\USER\Documents\xampp\htdocs\ci4\vendor\codeigniter4\framework\system\CodeIgniter.php(326): CodeIgniter\CodeIgniter->handleRequest(NULL, Object(Config\Cache), false)
#8 C:\Users\USER\Documents\xampp\htdocs\ci4\public\index.php(37): CodeIgniter\CodeIgniter->run()
#9 C:\Users\USER\Documents\xampp\htdocs\ci4\vendor\codeigniter4\framework\system\Commands\Server\rewrite.php(43): require_once('C:\\Users\\USER\\D...')
#10 {main}
CRITICAL - 2022-06-20 12:13:49 --> Undefined variable $identitas
#0 C:\Users\USER\Documents\xampp\htdocs\ci4\app\Views\portofolio\add.php(5): CodeIgniter\Debug\Exceptions->errorHandler(2, 'Undefined varia...', 'C:\\Users\\USER\\D...', 5)
#1 C:\Users\USER\Documents\xampp\htdocs\ci4\vendor\codeigniter4\framework\system\View\View.php(210): include('C:\\Users\\USER\\D...')
#2 C:\Users\USER\Documents\xampp\htdocs\ci4\vendor\codeigniter4\framework\system\View\View.php(213): CodeIgniter\View\View->CodeIgniter\View\{closure}()
#3 C:\Users\USER\Documents\xampp\htdocs\ci4\vendor\codeigniter4\framework\system\Common.php(1089): CodeIgniter\View\View->render('portofolio/add', Array, true)
#4 C:\Users\USER\Documents\xampp\htdocs\ci4\app\Controllers\Portofolio.php(19): view('portofolio/add')
#5 C:\Users\USER\Documents\xampp\htdocs\ci4\vendor\codeigniter4\framework\system\CodeIgniter.php(832): App\Controllers\Portofolio->add()
#6 C:\Users\USER\Documents\xampp\htdocs\ci4\vendor\codeigniter4\framework\system\CodeIgniter.php(419): CodeIgniter\CodeIgniter->runController(Object(App\Controllers\Portofolio))
#7 C:\Users\USER\Documents\xampp\htdocs\ci4\vendor\codeigniter4\framework\system\CodeIgniter.php(326): CodeIgniter\CodeIgniter->handleRequest(NULL, Object(Config\Cache), false)
#8 C:\Users\USER\Documents\xampp\htdocs\ci4\public\index.php(37): CodeIgniter\CodeIgniter->run()
#9 C:\Users\USER\Documents\xampp\htdocs\ci4\vendor\codeigniter4\framework\system\Commands\Server\rewrite.php(43): require_once('C:\\Users\\USER\\D...')
#10 {main}
CRITICAL - 2022-06-20 12:14:18 --> Undefined variable $identitas
#0 C:\Users\USER\Documents\xampp\htdocs\ci4\app\Views\portofolio\add.php(5): CodeIgniter\Debug\Exceptions->errorHandler(2, 'Undefined varia...', 'C:\\Users\\USER\\D...', 5)
#1 C:\Users\USER\Documents\xampp\htdocs\ci4\vendor\codeigniter4\framework\system\View\View.php(210): include('C:\\Users\\USER\\D...')
#2 C:\Users\USER\Documents\xampp\htdocs\ci4\vendor\codeigniter4\framework\system\View\View.php(213): CodeIgniter\View\View->CodeIgniter\View\{closure}()
#3 C:\Users\USER\Documents\xampp\htdocs\ci4\vendor\codeigniter4\framework\system\Common.php(1089): CodeIgniter\View\View->render('portofolio/add', Array, true)
#4 C:\Users\USER\Documents\xampp\htdocs\ci4\app\Controllers\Portofolio.php(19): view('portofolio/add')
#5 C:\Users\USER\Documents\xampp\htdocs\ci4\vendor\codeigniter4\framework\system\CodeIgniter.php(832): App\Controllers\Portofolio->add()
#6 C:\Users\USER\Documents\xampp\htdocs\ci4\vendor\codeigniter4\framework\system\CodeIgniter.php(419): CodeIgniter\CodeIgniter->runController(Object(App\Controllers\Portofolio))
#7 C:\Users\USER\Documents\xampp\htdocs\ci4\vendor\codeigniter4\framework\system\CodeIgniter.php(326): CodeIgniter\CodeIgniter->handleRequest(NULL, Object(Config\Cache), false)
#8 C:\Users\USER\Documents\xampp\htdocs\ci4\public\index.php(37): CodeIgniter\CodeIgniter->run()
#9 C:\Users\USER\Documents\xampp\htdocs\ci4\vendor\codeigniter4\framework\system\Commands\Server\rewrite.php(43): require_once('C:\\Users\\USER\\D...')
#10 {main}
CRITICAL - 2022-06-20 12:16:54 --> Too few arguments to function App\Controllers\Portofolio::edit(), 0 passed in C:\Users\USER\Documents\xampp\htdocs\ci4\vendor\codeigniter4\framework\system\CodeIgniter.php on line 832 and exactly 1 expected
#0 C:\Users\USER\Documents\xampp\htdocs\ci4\vendor\codeigniter4\framework\system\CodeIgniter.php(832): App\Controllers\Portofolio->edit()
#1 C:\Users\USER\Documents\xampp\htdocs\ci4\vendor\codeigniter4\framework\system\CodeIgniter.php(419): CodeIgniter\CodeIgniter->runController(Object(App\Controllers\Portofolio))
#2 C:\Users\USER\Documents\xampp\htdocs\ci4\vendor\codeigniter4\framework\system\CodeIgniter.php(326): CodeIgniter\CodeIgniter->handleRequest(NULL, Object(Config\Cache), false)
#3 C:\Users\USER\Documents\xampp\htdocs\ci4\public\index.php(37): CodeIgniter\CodeIgniter->run()
#4 C:\Users\USER\Documents\xampp\htdocs\ci4\vendor\codeigniter4\framework\system\Commands\Server\rewrite.php(43): require_once('C:\\Users\\USER\\D...')
#5 {main}
CRITICAL - 2022-06-20 12:17:53 --> Too few arguments to function App\Controllers\Portofolio::edit(), 0 passed in C:\Users\USER\Documents\xampp\htdocs\ci4\vendor\codeigniter4\framework\system\CodeIgniter.php on line 832 and exactly 1 expected
#0 C:\Users\USER\Documents\xampp\htdocs\ci4\vendor\codeigniter4\framework\system\CodeIgniter.php(832): App\Controllers\Portofolio->edit()
#1 C:\Users\USER\Documents\xampp\htdocs\ci4\vendor\codeigniter4\framework\system\CodeIgniter.php(419): CodeIgniter\CodeIgniter->runController(Object(App\Controllers\Portofolio))
#2 C:\Users\USER\Documents\xampp\htdocs\ci4\vendor\codeigniter4\framework\system\CodeIgniter.php(326): CodeIgniter\CodeIgniter->handleRequest(NULL, Object(Config\Cache), false)
#3 C:\Users\USER\Documents\xampp\htdocs\ci4\public\index.php(37): CodeIgniter\CodeIgniter->run()
#4 C:\Users\USER\Documents\xampp\htdocs\ci4\vendor\codeigniter4\framework\system\Commands\Server\rewrite.php(43): require_once('C:\\Users\\USER\\D...')
#5 {main}
CRITICAL - 2022-06-20 12:17:56 --> Too few arguments to function App\Controllers\Portofolio::edit(), 0 passed in C:\Users\USER\Documents\xampp\htdocs\ci4\vendor\codeigniter4\framework\system\CodeIgniter.php on line 832 and exactly 1 expected
#0 C:\Users\USER\Documents\xampp\htdocs\ci4\vendor\codeigniter4\framework\system\CodeIgniter.php(832): App\Controllers\Portofolio->edit()
#1 C:\Users\USER\Documents\xampp\htdocs\ci4\vendor\codeigniter4\framework\system\CodeIgniter.php(419): CodeIgniter\CodeIgniter->runController(Object(App\Controllers\Portofolio))
#2 C:\Users\USER\Documents\xampp\htdocs\ci4\vendor\codeigniter4\framework\system\CodeIgniter.php(326): CodeIgniter\CodeIgniter->handleRequest(NULL, Object(Config\Cache), false)
#3 C:\Users\USER\Documents\xampp\htdocs\ci4\public\index.php(37): CodeIgniter\CodeIgniter->run()
#4 C:\Users\USER\Documents\xampp\htdocs\ci4\vendor\codeigniter4\framework\system\Commands\Server\rewrite.php(43): require_once('C:\\Users\\USER\\D...')
#5 {main}
CRITICAL - 2022-06-20 12:20:34 --> Too few arguments to function App\Controllers\Portofolio::edit(), 0 passed in C:\Users\USER\Documents\xampp\htdocs\ci4\vendor\codeigniter4\framework\system\CodeIgniter.php on line 832 and exactly 1 expected
#0 C:\Users\USER\Documents\xampp\htdocs\ci4\vendor\codeigniter4\framework\system\CodeIgniter.php(832): App\Controllers\Portofolio->edit()
#1 C:\Users\USER\Documents\xampp\htdocs\ci4\vendor\codeigniter4\framework\system\CodeIgniter.php(419): CodeIgniter\CodeIgniter->runController(Object(App\Controllers\Portofolio))
#2 C:\Users\USER\Documents\xampp\htdocs\ci4\vendor\codeigniter4\framework\system\CodeIgniter.php(326): CodeIgniter\CodeIgniter->handleRequest(NULL, Object(Config\Cache), false)
#3 C:\Users\USER\Documents\xampp\htdocs\ci4\public\index.php(37): CodeIgniter\CodeIgniter->run()
#4 C:\Users\USER\Documents\xampp\htdocs\ci4\vendor\codeigniter4\framework\system\Commands\Server\rewrite.php(43): require_once('C:\\Users\\USER\\D...')
#5 {main}
CRITICAL - 2022-06-20 12:24:16 --> Too few arguments to function App\Controllers\Portofolio::ubah(), 0 passed in C:\Users\USER\Documents\xampp\htdocs\ci4\vendor\codeigniter4\framework\system\CodeIgniter.php on line 832 and exactly 1 expected
#0 C:\Users\USER\Documents\xampp\htdocs\ci4\vendor\codeigniter4\framework\system\CodeIgniter.php(832): App\Controllers\Portofolio->ubah()
#1 C:\Users\USER\Documents\xampp\htdocs\ci4\vendor\codeigniter4\framework\system\CodeIgniter.php(419): CodeIgniter\CodeIgniter->runController(Object(App\Controllers\Portofolio))
#2 C:\Users\USER\Documents\xampp\htdocs\ci4\vendor\codeigniter4\framework\system\CodeIgniter.php(326): CodeIgniter\CodeIgniter->handleRequest(NULL, Object(Config\Cache), false)
#3 C:\Users\USER\Documents\xampp\htdocs\ci4\public\index.php(37): CodeIgniter\CodeIgniter->run()
#4 C:\Users\USER\Documents\xampp\htdocs\ci4\vendor\codeigniter4\framework\system\Commands\Server\rewrite.php(43): require_once('C:\\Users\\USER\\D...')
#5 {main}
CRITICAL - 2022-06-20 12:24:41 --> Undefined variable $id
#0 C:\Users\USER\Documents\xampp\htdocs\ci4\app\Controllers\Portofolio.php(37): CodeIgniter\Debug\Exceptions->errorHandler(2, 'Undefined varia...', 'C:\\Users\\USER\\D...', 37)
#1 C:\Users\USER\Documents\xampp\htdocs\ci4\vendor\codeigniter4\framework\system\CodeIgniter.php(832): App\Controllers\Portofolio->ubah()
#2 C:\Users\USER\Documents\xampp\htdocs\ci4\vendor\codeigniter4\framework\system\CodeIgniter.php(419): CodeIgniter\CodeIgniter->runController(Object(App\Controllers\Portofolio))
#3 C:\Users\USER\Documents\xampp\htdocs\ci4\vendor\codeigniter4\framework\system\CodeIgniter.php(326): CodeIgniter\CodeIgniter->handleRequest(NULL, Object(Config\Cache), false)
#4 C:\Users\USER\Documents\xampp\htdocs\ci4\public\index.php(37): CodeIgniter\CodeIgniter->run()
#5 C:\Users\USER\Documents\xampp\htdocs\ci4\vendor\codeigniter4\framework\system\Commands\Server\rewrite.php(43): require_once('C:\\Users\\USER\\D...')
#6 {main}
CRITICAL - 2022-06-20 12:24:55 --> Undefined variable $id
#0 C:\Users\USER\Documents\xampp\htdocs\ci4\app\Controllers\Portofolio.php(37): CodeIgniter\Debug\Exceptions->errorHandler(2, 'Undefined varia...', 'C:\\Users\\USER\\D...', 37)
#1 C:\Users\USER\Documents\xampp\htdocs\ci4\vendor\codeigniter4\framework\system\CodeIgniter.php(832): App\Controllers\Portofolio->ubah()
#2 C:\Users\USER\Documents\xampp\htdocs\ci4\vendor\codeigniter4\framework\system\CodeIgniter.php(419): CodeIgniter\CodeIgniter->runController(Object(App\Controllers\Portofolio))
#3 C:\Users\USER\Documents\xampp\htdocs\ci4\vendor\codeigniter4\framework\system\CodeIgniter.php(326): CodeIgniter\CodeIgniter->handleRequest(NULL, Object(Config\Cache), false)
#4 C:\Users\USER\Documents\xampp\htdocs\ci4\public\index.php(37): CodeIgniter\CodeIgniter->run()
#5 C:\Users\USER\Documents\xampp\htdocs\ci4\vendor\codeigniter4\framework\system\Commands\Server\rewrite.php(43): require_once('C:\\Users\\USER\\D...')
#6 {main}
CRITICAL - 2022-06-20 12:25:15 --> Call to a member function getRow() on array
#0 C:\Users\USER\Documents\xampp\htdocs\ci4\vendor\codeigniter4\framework\system\CodeIgniter.php(832): App\Controllers\Portofolio->ubah()
#1 C:\Users\USER\Documents\xampp\htdocs\ci4\vendor\codeigniter4\framework\system\CodeIgniter.php(419): CodeIgniter\CodeIgniter->runController(Object(App\Controllers\Portofolio))
#2 C:\Users\USER\Documents\xampp\htdocs\ci4\vendor\codeigniter4\framework\system\CodeIgniter.php(326): CodeIgniter\CodeIgniter->handleRequest(NULL, Object(Config\Cache), false)
#3 C:\Users\USER\Documents\xampp\htdocs\ci4\public\index.php(37): CodeIgniter\CodeIgniter->run()
#4 C:\Users\USER\Documents\xampp\htdocs\ci4\vendor\codeigniter4\framework\system\Commands\Server\rewrite.php(43): require_once('C:\\Users\\USER\\D...')
#5 {main}
CRITICAL - 2022-06-20 12:25:51 --> syntax error, unexpected token ")", expecting variable
#0 C:\Users\USER\Documents\xampp\htdocs\ci4\vendor\codeigniter4\framework\system\Router\Router.php(175): CodeIgniter\Router\Router->autoRoute('portofolio/add')
#1 C:\Users\USER\Documents\xampp\htdocs\ci4\vendor\codeigniter4\framework\system\CodeIgniter.php(726): CodeIgniter\Router\Router->handle('portofolio/add')
#2 C:\Users\USER\Documents\xampp\htdocs\ci4\vendor\codeigniter4\framework\system\CodeIgniter.php(368): CodeIgniter\CodeIgniter->tryToRouteIt(Object(CodeIgniter\Router\RouteCollection))
#3 C:\Users\USER\Documents\xampp\htdocs\ci4\vendor\codeigniter4\framework\system\CodeIgniter.php(326): CodeIgniter\CodeIgniter->handleRequest(NULL, Object(Config\Cache), false)
#4 C:\Users\USER\Documents\xampp\htdocs\ci4\public\index.php(37): CodeIgniter\CodeIgniter->run()
#5 C:\Users\USER\Documents\xampp\htdocs\ci4\vendor\codeigniter4\framework\system\Commands\Server\rewrite.php(43): require_once('C:\\Users\\USER\\D...')
#6 {main}
CRITICAL - 2022-06-20 12:25:53 --> syntax error, unexpected token ")", expecting variable
#0 C:\Users\USER\Documents\xampp\htdocs\ci4\vendor\codeigniter4\framework\system\Router\Router.php(175): CodeIgniter\Router\Router->autoRoute('portofolio/')
#1 C:\Users\USER\Documents\xampp\htdocs\ci4\vendor\codeigniter4\framework\system\CodeIgniter.php(726): CodeIgniter\Router\Router->handle('portofolio/')
#2 C:\Users\USER\Documents\xampp\htdocs\ci4\vendor\codeigniter4\framework\system\CodeIgniter.php(368): CodeIgniter\CodeIgniter->tryToRouteIt(Object(CodeIgniter\Router\RouteCollection))
#3 C:\Users\USER\Documents\xampp\htdocs\ci4\vendor\codeigniter4\framework\system\CodeIgniter.php(326): CodeIgniter\CodeIgniter->handleRequest(NULL, Object(Config\Cache), false)
#4 C:\Users\USER\Documents\xampp\htdocs\ci4\public\index.php(37): CodeIgniter\CodeIgniter->run()
#5 C:\Users\USER\Documents\xampp\htdocs\ci4\vendor\codeigniter4\framework\system\Commands\Server\rewrite.php(43): require_once('C:\\Users\\USER\\D...')
#6 {main}
CRITICAL - 2022-06-20 12:27:58 --> Call to undefined method App\Models\DataDiri::getPost
#0 C:\Users\USER\Documents\xampp\htdocs\ci4\app\Controllers\Portofolio.php(59): CodeIgniter\Model->__call('getPost', Array)
#1 C:\Users\USER\Documents\xampp\htdocs\ci4\vendor\codeigniter4\framework\system\CodeIgniter.php(832): App\Controllers\Portofolio->update()
#2 C:\Users\USER\Documents\xampp\htdocs\ci4\vendor\codeigniter4\framework\system\CodeIgniter.php(419): CodeIgniter\CodeIgniter->runController(Object(App\Controllers\Portofolio))
#3 C:\Users\USER\Documents\xampp\htdocs\ci4\vendor\codeigniter4\framework\system\CodeIgniter.php(326): CodeIgniter\CodeIgniter->handleRequest(NULL, Object(Config\Cache), false)
#4 C:\Users\USER\Documents\xampp\htdocs\ci4\public\index.php(37): CodeIgniter\CodeIgniter->run()
#5 C:\Users\USER\Documents\xampp\htdocs\ci4\vendor\codeigniter4\framework\system\Commands\Server\rewrite.php(43): require_once('C:\\Users\\USER\\D...')
#6 {main}
CRITICAL - 2022-06-20 21:36:58 --> Too few arguments to function App\Controllers\Portofolio::edit(), 0 passed in C:\Users\USER\Documents\xampp\htdocs\ci4\vendor\codeigniter4\framework\system\CodeIgniter.php on line 832 and exactly 1 expected
#0 C:\Users\USER\Documents\xampp\htdocs\ci4\vendor\codeigniter4\framework\system\CodeIgniter.php(832): App\Controllers\Portofolio->edit()
#1 C:\Users\USER\Documents\xampp\htdocs\ci4\vendor\codeigniter4\framework\system\CodeIgniter.php(419): CodeIgniter\CodeIgniter->runController(Object(App\Controllers\Portofolio))
#2 C:\Users\USER\Documents\xampp\htdocs\ci4\vendor\codeigniter4\framework\system\CodeIgniter.php(326): CodeIgniter\CodeIgniter->handleRequest(NULL, Object(Config\Cache), false)
#3 C:\Users\USER\Documents\xampp\htdocs\ci4\public\index.php(37): CodeIgniter\CodeIgniter->run()
#4 C:\Users\USER\Documents\xampp\htdocs\ci4\vendor\codeigniter4\framework\system\Commands\Server\rewrite.php(43): require_once('C:\\Users\\USER\\D...')
#5 {main}
CRITICAL - 2022-06-20 21:39:10 --> Too few arguments to function App\Controllers\Portofolio::edit(), 0 passed in C:\Users\USER\Documents\xampp\htdocs\ci4\vendor\codeigniter4\framework\system\CodeIgniter.php on line 832 and exactly 1 expected
#0 C:\Users\USER\Documents\xampp\htdocs\ci4\vendor\codeigniter4\framework\system\CodeIgniter.php(832): App\Controllers\Portofolio->edit()
#1 C:\Users\USER\Documents\xampp\htdocs\ci4\vendor\codeigniter4\framework\system\CodeIgniter.php(419): CodeIgniter\CodeIgniter->runController(Object(App\Controllers\Portofolio))
#2 C:\Users\USER\Documents\xampp\htdocs\ci4\vendor\codeigniter4\framework\system\CodeIgniter.php(326): CodeIgniter\CodeIgniter->handleRequest(NULL, Object(Config\Cache), false)
#3 C:\Users\USER\Documents\xampp\htdocs\ci4\public\index.php(37): CodeIgniter\CodeIgniter->run()
#4 C:\Users\USER\Documents\xampp\htdocs\ci4\vendor\codeigniter4\framework\system\Commands\Server\rewrite.php(43): require_once('C:\\Users\\USER\\D...')
#5 {main}
CRITICAL - 2022-06-20 21:40:42 --> Too few arguments to function App\Controllers\Portofolio::edit(), 0 passed in C:\Users\USER\Documents\xampp\htdocs\ci4\vendor\codeigniter4\framework\system\CodeIgniter.php on line 832 and exactly 1 expected
#0 C:\Users\USER\Documents\xampp\htdocs\ci4\vendor\codeigniter4\framework\system\CodeIgniter.php(832): App\Controllers\Portofolio->edit()
#1 C:\Users\USER\Documents\xampp\htdocs\ci4\vendor\codeigniter4\framework\system\CodeIgniter.php(419): CodeIgniter\CodeIgniter->runController(Object(App\Controllers\Portofolio))
#2 C:\Users\USER\Documents\xampp\htdocs\ci4\vendor\codeigniter4\framework\system\CodeIgniter.php(326): CodeIgniter\CodeIgniter->handleRequest(NULL, Object(Config\Cache), false)
#3 C:\Users\USER\Documents\xampp\htdocs\ci4\public\index.php(37): CodeIgniter\CodeIgniter->run()
#4 C:\Users\USER\Documents\xampp\htdocs\ci4\vendor\codeigniter4\framework\system\Commands\Server\rewrite.php(43): require_once('C:\\Users\\USER\\D...')
#5 {main}
CRITICAL - 2022-06-20 21:41:08 --> Call to undefined method App\Models\DataDiri::edit
#0 C:\Users\USER\Documents\xampp\htdocs\ci4\app\Controllers\Portofolio.php(41): CodeIgniter\Model->__call('edit', Array)
#1 C:\Users\USER\Documents\xampp\htdocs\ci4\vendor\codeigniter4\framework\system\CodeIgniter.php(832): App\Controllers\Portofolio->edit()
#2 C:\Users\USER\Documents\xampp\htdocs\ci4\vendor\codeigniter4\framework\system\CodeIgniter.php(419): CodeIgniter\CodeIgniter->runController(Object(App\Controllers\Portofolio))
#3 C:\Users\USER\Documents\xampp\htdocs\ci4\vendor\codeigniter4\framework\system\CodeIgniter.php(326): CodeIgniter\CodeIgniter->handleRequest(NULL, Object(Config\Cache), false)
#4 C:\Users\USER\Documents\xampp\htdocs\ci4\public\index.php(37): CodeIgniter\CodeIgniter->run()
#5 C:\Users\USER\Documents\xampp\htdocs\ci4\vendor\codeigniter4\framework\system\Commands\Server\rewrite.php(43): require_once('C:\\Users\\USER\\D...')
#6 {main}
CRITICAL - 2022-06-20 21:42:00 --> syntax error, unexpected single-quoted string "$id", expecting variable
#0 C:\Users\USER\Documents\xampp\htdocs\ci4\vendor\codeigniter4\framework\system\Router\Router.php(175): CodeIgniter\Router\Router->autoRoute('portofolio/add')
#1 C:\Users\USER\Documents\xampp\htdocs\ci4\vendor\codeigniter4\framework\system\CodeIgniter.php(726): CodeIgniter\Router\Router->handle('portofolio/add')
#2 C:\Users\USER\Documents\xampp\htdocs\ci4\vendor\codeigniter4\framework\system\CodeIgniter.php(368): CodeIgniter\CodeIgniter->tryToRouteIt(Object(CodeIgniter\Router\RouteCollection))
#3 C:\Users\USER\Documents\xampp\htdocs\ci4\vendor\codeigniter4\framework\system\CodeIgniter.php(326): CodeIgniter\CodeIgniter->handleRequest(NULL, Object(Config\Cache), false)
#4 C:\Users\USER\Documents\xampp\htdocs\ci4\public\index.php(37): CodeIgniter\CodeIgniter->run()
#5 C:\Users\USER\Documents\xampp\htdocs\ci4\vendor\codeigniter4\framework\system\Commands\Server\rewrite.php(43): require_once('C:\\Users\\USER\\D...')
#6 {main}
CRITICAL - 2022-06-20 21:42:05 --> syntax error, unexpected single-quoted string "$id", expecting variable
#0 C:\Users\USER\Documents\xampp\htdocs\ci4\vendor\codeigniter4\framework\system\Router\Router.php(175): CodeIgniter\Router\Router->autoRoute('portofolio')
#1 C:\Users\USER\Documents\xampp\htdocs\ci4\vendor\codeigniter4\framework\system\CodeIgniter.php(726): CodeIgniter\Router\Router->handle('portofolio')
#2 C:\Users\USER\Documents\xampp\htdocs\ci4\vendor\codeigniter4\framework\system\CodeIgniter.php(368): CodeIgniter\CodeIgniter->tryToRouteIt(Object(CodeIgniter\Router\RouteCollection))
#3 C:\Users\USER\Documents\xampp\htdocs\ci4\vendor\codeigniter4\framework\system\CodeIgniter.php(326): CodeIgniter\CodeIgniter->handleRequest(NULL, Object(Config\Cache), false)
#4 C:\Users\USER\Documents\xampp\htdocs\ci4\public\index.php(37): CodeIgniter\CodeIgniter->run()
#5 C:\Users\USER\Documents\xampp\htdocs\ci4\vendor\codeigniter4\framework\system\Commands\Server\rewrite.php(43): require_once('C:\\Users\\USER\\D...')
#6 {main}
CRITICAL - 2022-06-20 21:43:37 --> You must set the database table to be used with your query.
#0 C:\Users\USER\Documents\xampp\htdocs\ci4\app\Models\DataDiri.php(24): CodeIgniter\Database\BaseConnection->table(NULL)
#1 C:\Users\USER\Documents\xampp\htdocs\ci4\app\Controllers\Portofolio.php(66): App\Models\DataDiri->editIdentitas(Array, '')
#2 C:\Users\USER\Documents\xampp\htdocs\ci4\vendor\codeigniter4\framework\system\CodeIgniter.php(832): App\Controllers\Portofolio->update()
#3 C:\Users\USER\Documents\xampp\htdocs\ci4\vendor\codeigniter4\framework\system\CodeIgniter.php(419): CodeIgniter\CodeIgniter->runController(Object(App\Controllers\Portofolio))
#4 C:\Users\USER\Documents\xampp\htdocs\ci4\vendor\codeigniter4\framework\system\CodeIgniter.php(326): CodeIgniter\CodeIgniter->handleRequest(NULL, Object(Config\Cache), false)
#5 C:\Users\USER\Documents\xampp\htdocs\ci4\public\index.php(37): CodeIgniter\CodeIgniter->run()
#6 C:\Users\USER\Documents\xampp\htdocs\ci4\vendor\codeigniter4\framework\system\Commands\Server\rewrite.php(43): require_once('C:\\Users\\USER\\D...')
#7 {main}
CRITICAL - 2022-06-20 21:44:40 --> You must set the database table to be used with your query.
#0 C:\Users\USER\Documents\xampp\htdocs\ci4\app\Models\DataDiri.php(24): CodeIgniter\Database\BaseConnection->table(NULL)
#1 C:\Users\USER\Documents\xampp\htdocs\ci4\app\Controllers\Portofolio.php(66): App\Models\DataDiri->editIdentitas(Array, '')
#2 C:\Users\USER\Documents\xampp\htdocs\ci4\vendor\codeigniter4\framework\system\CodeIgniter.php(832): App\Controllers\Portofolio->update()
#3 C:\Users\USER\Documents\xampp\htdocs\ci4\vendor\codeigniter4\framework\system\CodeIgniter.php(419): CodeIgniter\CodeIgniter->runController(Object(App\Controllers\Portofolio))
#4 C:\Users\USER\Documents\xampp\htdocs\ci4\vendor\codeigniter4\framework\system\CodeIgniter.php(326): CodeIgniter\CodeIgniter->handleRequest(NULL, Object(Config\Cache), false)
#5 C:\Users\USER\Documents\xampp\htdocs\ci4\public\index.php(37): CodeIgniter\CodeIgniter->run()
#6 C:\Users\USER\Documents\xampp\htdocs\ci4\vendor\codeigniter4\framework\system\Commands\Server\rewrite.php(43): require_once('C:\\Users\\USER\\D...')
#7 {main}
CRITICAL - 2022-06-20 21:45:09 --> You must set the database table to be used with your query.
#0 C:\Users\USER\Documents\xampp\htdocs\ci4\app\Models\DataDiri.php(24): CodeIgniter\Database\BaseConnection->table(NULL)
#1 C:\Users\USER\Documents\xampp\htdocs\ci4\app\Controllers\Portofolio.php(66): App\Models\DataDiri->editIdentitas(Array, '')
#2 C:\Users\USER\Documents\xampp\htdocs\ci4\vendor\codeigniter4\framework\system\CodeIgniter.php(832): App\Controllers\Portofolio->update()
#3 C:\Users\USER\Documents\xampp\htdocs\ci4\vendor\codeigniter4\framework\system\CodeIgniter.php(419): CodeIgniter\CodeIgniter->runController(Object(App\Controllers\Portofolio))
#4 C:\Users\USER\Documents\xampp\htdocs\ci4\vendor\codeigniter4\framework\system\CodeIgniter.php(326): CodeIgniter\CodeIgniter->handleRequest(NULL, Object(Config\Cache), false)
#5 C:\Users\USER\Documents\xampp\htdocs\ci4\public\index.php(37): CodeIgniter\CodeIgniter->run()
#6 C:\Users\USER\Documents\xampp\htdocs\ci4\vendor\codeigniter4\framework\system\Commands\Server\rewrite.php(43): require_once('C:\\Users\\USER\\D...')
#7 {main}
CRITICAL - 2022-06-20 21:47:24 --> Undefined variable $identitas
#0 C:\Users\USER\Documents\xampp\htdocs\ci4\app\Views\portofolio\add.php(11): CodeIgniter\Debug\Exceptions->errorHandler(2, 'Undefined varia...', 'C:\\Users\\USER\\D...', 11)
#1 C:\Users\USER\Documents\xampp\htdocs\ci4\vendor\codeigniter4\framework\system\View\View.php(210): include('C:\\Users\\USER\\D...')
#2 C:\Users\USER\Documents\xampp\htdocs\ci4\vendor\codeigniter4\framework\system\View\View.php(213): CodeIgniter\View\View->CodeIgniter\View\{closure}()
#3 C:\Users\USER\Documents\xampp\htdocs\ci4\vendor\codeigniter4\framework\system\Common.php(1089): CodeIgniter\View\View->render('portofolio/add', Array, true)
#4 C:\Users\USER\Documents\xampp\htdocs\ci4\app\Controllers\Portofolio.php(19): view('portofolio/add')
#5 C:\Users\USER\Documents\xampp\htdocs\ci4\vendor\codeigniter4\framework\system\CodeIgniter.php(832): App\Controllers\Portofolio->add()
#6 C:\Users\USER\Documents\xampp\htdocs\ci4\vendor\codeigniter4\framework\system\CodeIgniter.php(419): CodeIgniter\CodeIgniter->runController(Object(App\Controllers\Portofolio))
#7 C:\Users\USER\Documents\xampp\htdocs\ci4\vendor\codeigniter4\framework\system\CodeIgniter.php(326): CodeIgniter\CodeIgniter->handleRequest(NULL, Object(Config\Cache), false)
#8 C:\Users\USER\Documents\xampp\htdocs\ci4\public\index.php(37): CodeIgniter\CodeIgniter->run()
#9 C:\Users\USER\Documents\xampp\htdocs\ci4\vendor\codeigniter4\framework\system\Commands\Server\rewrite.php(43): require_once('C:\\Users\\USER\\D...')
#10 {main}
CRITICAL - 2022-06-20 21:47:49 --> Undefined variable $identitas
#0 C:\Users\USER\Documents\xampp\htdocs\ci4\app\Views\portofolio\add.php(11): CodeIgniter\Debug\Exceptions->errorHandler(2, 'Undefined varia...', 'C:\\Users\\USER\\D...', 11)
#1 C:\Users\USER\Documents\xampp\htdocs\ci4\vendor\codeigniter4\framework\system\View\View.php(210): include('C:\\Users\\USER\\D...')
#2 C:\Users\USER\Documents\xampp\htdocs\ci4\vendor\codeigniter4\framework\system\View\View.php(213): CodeIgniter\View\View->CodeIgniter\View\{closure}()
#3 C:\Users\USER\Documents\xampp\htdocs\ci4\vendor\codeigniter4\framework\system\Common.php(1089): CodeIgniter\View\View->render('portofolio/add', Array, true)
#4 C:\Users\USER\Documents\xampp\htdocs\ci4\app\Controllers\Portofolio.php(19): view('portofolio/add')
#5 C:\Users\USER\Documents\xampp\htdocs\ci4\vendor\codeigniter4\framework\system\CodeIgniter.php(832): App\Controllers\Portofolio->add()
#6 C:\Users\USER\Documents\xampp\htdocs\ci4\vendor\codeigniter4\framework\system\CodeIgniter.php(419): CodeIgniter\CodeIgniter->runController(Object(App\Controllers\Portofolio))
#7 C:\Users\USER\Documents\xampp\htdocs\ci4\vendor\codeigniter4\framework\system\CodeIgniter.php(326): CodeIgniter\CodeIgniter->handleRequest(NULL, Object(Config\Cache), false)
#8 C:\Users\USER\Documents\xampp\htdocs\ci4\public\index.php(37): CodeIgniter\CodeIgniter->run()
#9 C:\Users\USER\Documents\xampp\htdocs\ci4\vendor\codeigniter4\framework\system\Commands\Server\rewrite.php(43): require_once('C:\\Users\\USER\\D...')
#10 {main}
CRITICAL - 2022-06-20 21:51:58 --> Undefined variable $identitas
#0 C:\Users\USER\Documents\xampp\htdocs\ci4\app\Views\portofolio\add.php(11): CodeIgniter\Debug\Exceptions->errorHandler(2, 'Undefined varia...', 'C:\\Users\\USER\\D...', 11)
#1 C:\Users\USER\Documents\xampp\htdocs\ci4\vendor\codeigniter4\framework\system\View\View.php(210): include('C:\\Users\\USER\\D...')
#2 C:\Users\USER\Documents\xampp\htdocs\ci4\vendor\codeigniter4\framework\system\View\View.php(213): CodeIgniter\View\View->CodeIgniter\View\{closure}()
#3 C:\Users\USER\Documents\xampp\htdocs\ci4\vendor\codeigniter4\framework\system\Common.php(1089): CodeIgniter\View\View->render('portofolio/add', Array, true)
#4 C:\Users\USER\Documents\xampp\htdocs\ci4\app\Controllers\Portofolio.php(19): view('portofolio/add')
#5 C:\Users\USER\Documents\xampp\htdocs\ci4\vendor\codeigniter4\framework\system\CodeIgniter.php(832): App\Controllers\Portofolio->add()
#6 C:\Users\USER\Documents\xampp\htdocs\ci4\vendor\codeigniter4\framework\system\CodeIgniter.php(419): CodeIgniter\CodeIgniter->runController(Object(App\Controllers\Portofolio))
#7 C:\Users\USER\Documents\xampp\htdocs\ci4\vendor\codeigniter4\framework\system\CodeIgniter.php(326): CodeIgniter\CodeIgniter->handleRequest(NULL, Object(Config\Cache), false)
#8 C:\Users\USER\Documents\xampp\htdocs\ci4\public\index.php(37): CodeIgniter\CodeIgniter->run()
#9 C:\Users\USER\Documents\xampp\htdocs\ci4\vendor\codeigniter4\framework\system\Commands\Server\rewrite.php(43): require_once('C:\\Users\\USER\\D...')
#10 {main}
CRITICAL - 2022-06-20 21:52:26 --> syntax error, unexpected token "=", expecting end of file
#0 C:\Users\USER\Documents\xampp\htdocs\ci4\vendor\codeigniter4\framework\system\View\View.php(213): CodeIgniter\View\View->CodeIgniter\View\{closure}()
#1 C:\Users\USER\Documents\xampp\htdocs\ci4\vendor\codeigniter4\framework\system\Common.php(1089): CodeIgniter\View\View->render('portofolio/add', Array, true)
#2 C:\Users\USER\Documents\xampp\htdocs\ci4\app\Controllers\Portofolio.php(19): view('portofolio/add')
#3 C:\Users\USER\Documents\xampp\htdocs\ci4\vendor\codeigniter4\framework\system\CodeIgniter.php(832): App\Controllers\Portofolio->add()
#4 C:\Users\USER\Documents\xampp\htdocs\ci4\vendor\codeigniter4\framework\system\CodeIgniter.php(419): CodeIgniter\CodeIgniter->runController(Object(App\Controllers\Portofolio))
#5 C:\Users\USER\Documents\xampp\htdocs\ci4\vendor\codeigniter4\framework\system\CodeIgniter.php(326): CodeIgniter\CodeIgniter->handleRequest(NULL, Object(Config\Cache), false)
#6 C:\Users\USER\Documents\xampp\htdocs\ci4\public\index.php(37): CodeIgniter\CodeIgniter->run()
#7 C:\Users\USER\Documents\xampp\htdocs\ci4\vendor\codeigniter4\framework\system\Commands\Server\rewrite.php(43): require_once('C:\\Users\\USER\\D...')
#8 {main}
CRITICAL - 2022-06-20 21:58:41 --> You must set the database table to be used with your query.
#0 C:\Users\USER\Documents\xampp\htdocs\ci4\app\Models\DataDiri.php(24): CodeIgniter\Database\BaseConnection->table(NULL)
#1 C:\Users\USER\Documents\xampp\htdocs\ci4\app\Controllers\Portofolio.php(66): App\Models\DataDiri->editIdentitas(Array, '')
#2 C:\Users\USER\Documents\xampp\htdocs\ci4\vendor\codeigniter4\framework\system\CodeIgniter.php(832): App\Controllers\Portofolio->update()
#3 C:\Users\USER\Documents\xampp\htdocs\ci4\vendor\codeigniter4\framework\system\CodeIgniter.php(419): CodeIgniter\CodeIgniter->runController(Object(App\Controllers\Portofolio))
#4 C:\Users\USER\Documents\xampp\htdocs\ci4\vendor\codeigniter4\framework\system\CodeIgniter.php(326): CodeIgniter\CodeIgniter->handleRequest(NULL, Object(Config\Cache), false)
#5 C:\Users\USER\Documents\xampp\htdocs\ci4\public\index.php(37): CodeIgniter\CodeIgniter->run()
#6 C:\Users\USER\Documents\xampp\htdocs\ci4\vendor\codeigniter4\framework\system\Commands\Server\rewrite.php(43): require_once('C:\\Users\\USER\\D...')
#7 {main}
CRITICAL - 2022-06-20 22:00:55 --> You must set the database table to be used with your query.
#0 C:\Users\USER\Documents\xampp\htdocs\ci4\app\Models\DataDiri.php(24): CodeIgniter\Database\BaseConnection->table(NULL)
#1 C:\Users\USER\Documents\xampp\htdocs\ci4\app\Controllers\Portofolio.php(66): App\Models\DataDiri->editIdentitas(Array, '')
#2 C:\Users\USER\Documents\xampp\htdocs\ci4\vendor\codeigniter4\framework\system\CodeIgniter.php(832): App\Controllers\Portofolio->update()
#3 C:\Users\USER\Documents\xampp\htdocs\ci4\vendor\codeigniter4\framework\system\CodeIgniter.php(419): CodeIgniter\CodeIgniter->runController(Object(App\Controllers\Portofolio))
#4 C:\Users\USER\Documents\xampp\htdocs\ci4\vendor\codeigniter4\framework\system\CodeIgniter.php(326): CodeIgniter\CodeIgniter->handleRequest(NULL, Object(Config\Cache), false)
#5 C:\Users\USER\Documents\xampp\htdocs\ci4\public\index.php(37): CodeIgniter\CodeIgniter->run()
#6 C:\Users\USER\Documents\xampp\htdocs\ci4\vendor\codeigniter4\framework\system\Commands\Server\rewrite.php(43): require_once('C:\\Users\\USER\\D...')
#7 {main}
CRITICAL - 2022-06-20 22:09:34 --> Undefined variable $nama
#0 C:\Users\USER\Documents\xampp\htdocs\ci4\app\Controllers\Portofolio.php(66): CodeIgniter\Debug\Exceptions->errorHandler(2, 'Undefined varia...', 'C:\\Users\\USER\\D...', 66)
#1 C:\Users\USER\Documents\xampp\htdocs\ci4\vendor\codeigniter4\framework\system\CodeIgniter.php(832): App\Controllers\Portofolio->update()
#2 C:\Users\USER\Documents\xampp\htdocs\ci4\vendor\codeigniter4\framework\system\CodeIgniter.php(419): CodeIgniter\CodeIgniter->runController(Object(App\Controllers\Portofolio))
#3 C:\Users\USER\Documents\xampp\htdocs\ci4\vendor\codeigniter4\framework\system\CodeIgniter.php(326): CodeIgniter\CodeIgniter->handleRequest(NULL, Object(Config\Cache), false)
#4 C:\Users\USER\Documents\xampp\htdocs\ci4\public\index.php(37): CodeIgniter\CodeIgniter->run()
#5 C:\Users\USER\Documents\xampp\htdocs\ci4\vendor\codeigniter4\framework\system\Commands\Server\rewrite.php(43): require_once('C:\\Users\\USER\\D...')
#6 {main}
CRITICAL - 2022-06-20 22:14:52 --> Undefined variable $nama
#0 C:\Users\USER\Documents\xampp\htdocs\ci4\app\Controllers\Portofolio.php(66): CodeIgniter\Debug\Exceptions->errorHandler(2, 'Undefined varia...', 'C:\\Users\\USER\\D...', 66)
#1 C:\Users\USER\Documents\xampp\htdocs\ci4\vendor\codeigniter4\framework\system\CodeIgniter.php(832): App\Controllers\Portofolio->update()
#2 C:\Users\USER\Documents\xampp\htdocs\ci4\vendor\codeigniter4\framework\system\CodeIgniter.php(419): CodeIgniter\CodeIgniter->runController(Object(App\Controllers\Portofolio))
#3 C:\Users\USER\Documents\xampp\htdocs\ci4\vendor\codeigniter4\framework\system\CodeIgniter.php(326): CodeIgniter\CodeIgniter->handleRequest(NULL, Object(Config\Cache), false)
#4 C:\Users\USER\Documents\xampp\htdocs\ci4\public\index.php(37): CodeIgniter\CodeIgniter->run()
#5 C:\Users\USER\Documents\xampp\htdocs\ci4\vendor\codeigniter4\framework\system\Commands\Server\rewrite.php(43): require_once('C:\\Users\\USER\\D...')
#6 {main}
CRITICAL - 2022-06-20 22:16:59 --> Undefined variable $identitas
#0 C:\Users\USER\Documents\xampp\htdocs\ci4\app\Views\portofolio\add.php(11): CodeIgniter\Debug\Exceptions->errorHandler(2, 'Undefined varia...', 'C:\\Users\\USER\\D...', 11)
#1 C:\Users\USER\Documents\xampp\htdocs\ci4\vendor\codeigniter4\framework\system\View\View.php(210): include('C:\\Users\\USER\\D...')
#2 C:\Users\USER\Documents\xampp\htdocs\ci4\vendor\codeigniter4\framework\system\View\View.php(213): CodeIgniter\View\View->CodeIgniter\View\{closure}()
#3 C:\Users\USER\Documents\xampp\htdocs\ci4\vendor\codeigniter4\framework\system\Common.php(1089): CodeIgniter\View\View->render('portofolio/add', Array, true)
#4 C:\Users\USER\Documents\xampp\htdocs\ci4\app\Controllers\Portofolio.php(19): view('portofolio/add')
#5 C:\Users\USER\Documents\xampp\htdocs\ci4\vendor\codeigniter4\framework\system\CodeIgniter.php(832): App\Controllers\Portofolio->add()
#6 C:\Users\USER\Documents\xampp\htdocs\ci4\vendor\codeigniter4\framework\system\CodeIgniter.php(419): CodeIgniter\CodeIgniter->runController(Object(App\Controllers\Portofolio))
#7 C:\Users\USER\Documents\xampp\htdocs\ci4\vendor\codeigniter4\framework\system\CodeIgniter.php(326): CodeIgniter\CodeIgniter->handleRequest(NULL, Object(Config\Cache), false)
#8 C:\Users\USER\Documents\xampp\htdocs\ci4\public\index.php(37): CodeIgniter\CodeIgniter->run()
#9 C:\Users\USER\Documents\xampp\htdocs\ci4\vendor\codeigniter4\framework\system\Commands\Server\rewrite.php(43): require_once('C:\\Users\\USER\\D...')
#10 {main}
CRITICAL - 2022-06-20 22:18:15 --> Undefined variable $identitas
#0 C:\Users\USER\Documents\xampp\htdocs\ci4\app\Views\portofolio\add.php(11): CodeIgniter\Debug\Exceptions->errorHandler(2, 'Undefined varia...', 'C:\\Users\\USER\\D...', 11)
#1 C:\Users\USER\Documents\xampp\htdocs\ci4\vendor\codeigniter4\framework\system\View\View.php(210): include('C:\\Users\\USER\\D...')
#2 C:\Users\USER\Documents\xampp\htdocs\ci4\vendor\codeigniter4\framework\system\View\View.php(213): CodeIgniter\View\View->CodeIgniter\View\{closure}()
#3 C:\Users\USER\Documents\xampp\htdocs\ci4\vendor\codeigniter4\framework\system\Common.php(1089): CodeIgniter\View\View->render('portofolio/add', Array, true)
#4 C:\Users\USER\Documents\xampp\htdocs\ci4\app\Controllers\Portofolio.php(19): view('portofolio/add')
#5 C:\Users\USER\Documents\xampp\htdocs\ci4\vendor\codeigniter4\framework\system\CodeIgniter.php(832): App\Controllers\Portofolio->add()
#6 C:\Users\USER\Documents\xampp\htdocs\ci4\vendor\codeigniter4\framework\system\CodeIgniter.php(419): CodeIgniter\CodeIgniter->runController(Object(App\Controllers\Portofolio))
#7 C:\Users\USER\Documents\xampp\htdocs\ci4\vendor\codeigniter4\framework\system\CodeIgniter.php(326): CodeIgniter\CodeIgniter->handleRequest(NULL, Object(Config\Cache), false)
#8 C:\Users\USER\Documents\xampp\htdocs\ci4\public\index.php(37): CodeIgniter\CodeIgniter->run()
#9 C:\Users\USER\Documents\xampp\htdocs\ci4\vendor\codeigniter4\framework\system\Commands\Server\rewrite.php(43): require_once('C:\\Users\\USER\\D...')
#10 {main}
CRITICAL - 2022-06-20 22:24:46 --> Undefined variable $identitas
#0 C:\Users\USER\Documents\xampp\htdocs\ci4\app\Views\portofolio\add.php(11): CodeIgniter\Debug\Exceptions->errorHandler(2, 'Undefined varia...', 'C:\\Users\\USER\\D...', 11)
#1 C:\Users\USER\Documents\xampp\htdocs\ci4\vendor\codeigniter4\framework\system\View\View.php(210): include('C:\\Users\\USER\\D...')
#2 C:\Users\USER\Documents\xampp\htdocs\ci4\vendor\codeigniter4\framework\system\View\View.php(213): CodeIgniter\View\View->CodeIgniter\View\{closure}()
#3 C:\Users\USER\Documents\xampp\htdocs\ci4\vendor\codeigniter4\framework\system\Common.php(1089): CodeIgniter\View\View->render('portofolio/add', Array, true)
#4 C:\Users\USER\Documents\xampp\htdocs\ci4\app\Controllers\Portofolio.php(19): view('portofolio/add')
#5 C:\Users\USER\Documents\xampp\htdocs\ci4\vendor\codeigniter4\framework\system\CodeIgniter.php(832): App\Controllers\Portofolio->add()
#6 C:\Users\USER\Documents\xampp\htdocs\ci4\vendor\codeigniter4\framework\system\CodeIgniter.php(419): CodeIgniter\CodeIgniter->runController(Object(App\Controllers\Portofolio))
#7 C:\Users\USER\Documents\xampp\htdocs\ci4\vendor\codeigniter4\framework\system\CodeIgniter.php(326): CodeIgniter\CodeIgniter->handleRequest(NULL, Object(Config\Cache), false)
#8 C:\Users\USER\Documents\xampp\htdocs\ci4\public\index.php(37): CodeIgniter\CodeIgniter->run()
#9 C:\Users\USER\Documents\xampp\htdocs\ci4\vendor\codeigniter4\framework\system\Commands\Server\rewrite.php(43): require_once('C:\\Users\\USER\\D...')
#10 {main}
CRITICAL - 2022-06-20 22:26:06 --> Undefined variable $identitas
#0 C:\Users\USER\Documents\xampp\htdocs\ci4\app\Views\portofolio\add.php(11): CodeIgniter\Debug\Exceptions->errorHandler(2, 'Undefined varia...', 'C:\\Users\\USER\\D...', 11)
#1 C:\Users\USER\Documents\xampp\htdocs\ci4\vendor\codeigniter4\framework\system\View\View.php(210): include('C:\\Users\\USER\\D...')
#2 C:\Users\USER\Documents\xampp\htdocs\ci4\vendor\codeigniter4\framework\system\View\View.php(213): CodeIgniter\View\View->CodeIgniter\View\{closure}()
#3 C:\Users\USER\Documents\xampp\htdocs\ci4\vendor\codeigniter4\framework\system\Common.php(1089): CodeIgniter\View\View->render('portofolio/add', Array, true)
#4 C:\Users\USER\Documents\xampp\htdocs\ci4\app\Controllers\Portofolio.php(19): view('portofolio/add')
#5 C:\Users\USER\Documents\xampp\htdocs\ci4\vendor\codeigniter4\framework\system\CodeIgniter.php(832): App\Controllers\Portofolio->add()
#6 C:\Users\USER\Documents\xampp\htdocs\ci4\vendor\codeigniter4\framework\system\CodeIgniter.php(419): CodeIgniter\CodeIgniter->runController(Object(App\Controllers\Portofolio))
#7 C:\Users\USER\Documents\xampp\htdocs\ci4\vendor\codeigniter4\framework\system\CodeIgniter.php(326): CodeIgniter\CodeIgniter->handleRequest(NULL, Object(Config\Cache), false)
#8 C:\Users\USER\Documents\xampp\htdocs\ci4\public\index.php(37): CodeIgniter\CodeIgniter->run()
#9 C:\Users\USER\Documents\xampp\htdocs\ci4\vendor\codeigniter4\framework\system\Commands\Server\rewrite.php(43): require_once('C:\\Users\\USER\\D...')
#10 {main}
CRITICAL - 2022-06-20 22:27:13 --> Undefined variable $identitas
#0 C:\Users\USER\Documents\xampp\htdocs\ci4\app\Views\portofolio\add.php(15): CodeIgniter\Debug\Exceptions->errorHandler(2, 'Undefined varia...', 'C:\\Users\\USER\\D...', 15)
#1 C:\Users\USER\Documents\xampp\htdocs\ci4\vendor\codeigniter4\framework\system\View\View.php(210): include('C:\\Users\\USER\\D...')
#2 C:\Users\USER\Documents\xampp\htdocs\ci4\vendor\codeigniter4\framework\system\View\View.php(213): CodeIgniter\View\View->CodeIgniter\View\{closure}()
#3 C:\Users\USER\Documents\xampp\htdocs\ci4\vendor\codeigniter4\framework\system\Common.php(1089): CodeIgniter\View\View->render('portofolio/add', Array, true)
#4 C:\Users\USER\Documents\xampp\htdocs\ci4\app\Controllers\Portofolio.php(19): view('portofolio/add')
#5 C:\Users\USER\Documents\xampp\htdocs\ci4\vendor\codeigniter4\framework\system\CodeIgniter.php(832): App\Controllers\Portofolio->add()
#6 C:\Users\USER\Documents\xampp\htdocs\ci4\vendor\codeigniter4\framework\system\CodeIgniter.php(419): CodeIgniter\CodeIgniter->runController(Object(App\Controllers\Portofolio))
#7 C:\Users\USER\Documents\xampp\htdocs\ci4\vendor\codeigniter4\framework\system\CodeIgniter.php(326): CodeIgniter\CodeIgniter->handleRequest(NULL, Object(Config\Cache), false)
#8 C:\Users\USER\Documents\xampp\htdocs\ci4\public\index.php(37): CodeIgniter\CodeIgniter->run()
#9 C:\Users\USER\Documents\xampp\htdocs\ci4\vendor\codeigniter4\framework\system\Commands\Server\rewrite.php(43): require_once('C:\\Users\\USER\\D...')
#10 {main}
CRITICAL - 2022-06-20 22:27:41 --> Undefined variable $identitas
#0 C:\Users\USER\Documents\xampp\htdocs\ci4\app\Views\portofolio\add.php(25): CodeIgniter\Debug\Exceptions->errorHandler(2, 'Undefined varia...', 'C:\\Users\\USER\\D...', 25)
#1 C:\Users\USER\Documents\xampp\htdocs\ci4\vendor\codeigniter4\framework\system\View\View.php(210): include('C:\\Users\\USER\\D...')
#2 C:\Users\USER\Documents\xampp\htdocs\ci4\vendor\codeigniter4\framework\system\View\View.php(213): CodeIgniter\View\View->CodeIgniter\View\{closure}()
#3 C:\Users\USER\Documents\xampp\htdocs\ci4\vendor\codeigniter4\framework\system\Common.php(1089): CodeIgniter\View\View->render('portofolio/add', Array, true)
#4 C:\Users\USER\Documents\xampp\htdocs\ci4\app\Controllers\Portofolio.php(19): view('portofolio/add')
#5 C:\Users\USER\Documents\xampp\htdocs\ci4\vendor\codeigniter4\framework\system\CodeIgniter.php(832): App\Controllers\Portofolio->add()
#6 C:\Users\USER\Documents\xampp\htdocs\ci4\vendor\codeigniter4\framework\system\CodeIgniter.php(419): CodeIgniter\CodeIgniter->runController(Object(App\Controllers\Portofolio))
#7 C:\Users\USER\Documents\xampp\htdocs\ci4\vendor\codeigniter4\framework\system\CodeIgniter.php(326): CodeIgniter\CodeIgniter->handleRequest(NULL, Object(Config\Cache), false)
#8 C:\Users\USER\Documents\xampp\htdocs\ci4\public\index.php(37): CodeIgniter\CodeIgniter->run()
#9 C:\Users\USER\Documents\xampp\htdocs\ci4\vendor\codeigniter4\framework\system\Commands\Server\rewrite.php(43): require_once('C:\\Users\\USER\\D...')
#10 {main}
CRITICAL - 2022-06-20 22:30:51 --> There is no data to update.
#0 C:\Users\USER\Documents\xampp\htdocs\ci4\vendor\codeigniter4\framework\system\BaseModel.php(1574): CodeIgniter\Database\Exceptions\DataException::forEmptyDataset('update')
#1 C:\Users\USER\Documents\xampp\htdocs\ci4\vendor\codeigniter4\framework\system\BaseModel.php(832): CodeIgniter\BaseModel->transformDataToArray(NULL, 'update')
#2 C:\Users\USER\Documents\xampp\htdocs\ci4\vendor\codeigniter4\framework\system\Model.php(651): CodeIgniter\BaseModel->update(Array, NULL)
#3 C:\Users\USER\Documents\xampp\htdocs\ci4\app\Controllers\Portofolio.php(28): CodeIgniter\Model->update(Array)
#4 C:\Users\USER\Documents\xampp\htdocs\ci4\vendor\codeigniter4\framework\system\CodeIgniter.php(832): App\Controllers\Portofolio->simpan()
#5 C:\Users\USER\Documents\xampp\htdocs\ci4\vendor\codeigniter4\framework\system\CodeIgniter.php(419): CodeIgniter\CodeIgniter->runController(Object(App\Controllers\Portofolio))
#6 C:\Users\USER\Documents\xampp\htdocs\ci4\vendor\codeigniter4\framework\system\CodeIgniter.php(326): CodeIgniter\CodeIgniter->handleRequest(NULL, Object(Config\Cache), false)
#7 C:\Users\USER\Documents\xampp\htdocs\ci4\public\index.php(37): CodeIgniter\CodeIgniter->run()
#8 C:\Users\USER\Documents\xampp\htdocs\ci4\vendor\codeigniter4\framework\system\Commands\Server\rewrite.php(43): require_once('C:\\Users\\USER\\D...')
#9 {main}
CRITICAL - 2022-06-20 22:36:05 --> Cannot redeclare App\Controllers\Portofolio::add()
#0 [internal function]: CodeIgniter\Debug\Exceptions->shutdownHandler()
#1 {main}
CRITICAL - 2022-06-20 22:48:10 --> Cannot redeclare App\Controllers\Portofolio::edit()
#0 [internal function]: CodeIgniter\Debug\Exceptions->shutdownHandler()
#1 {main}
CRITICAL - 2022-06-20 22:48:12 --> Cannot redeclare App\Controllers\Portofolio::edit()
#0 [internal function]: CodeIgniter\Debug\Exceptions->shutdownHandler()
#1 {main}
CRITICAL - 2022-06-20 22:49:29 --> syntax error, unexpected token ".", expecting end of file
#0 C:\Users\USER\Documents\xampp\htdocs\ci4\vendor\codeigniter4\framework\system\View\View.php(213): CodeIgniter\View\View->CodeIgniter\View\{closure}()
#1 C:\Users\USER\Documents\xampp\htdocs\ci4\vendor\codeigniter4\framework\system\Common.php(1089): CodeIgniter\View\View->render('portofolio/cv_d...', Array, true)
#2 C:\Users\USER\Documents\xampp\htdocs\ci4\app\Controllers\Portofolio.php(15): view('portofolio/cv_d...', Array)
#3 C:\Users\USER\Documents\xampp\htdocs\ci4\vendor\codeigniter4\framework\system\CodeIgniter.php(832): App\Controllers\Portofolio->index()
#4 C:\Users\USER\Documents\xampp\htdocs\ci4\vendor\codeigniter4\framework\system\CodeIgniter.php(419): CodeIgniter\CodeIgniter->runController(Object(App\Controllers\Portofolio))
#5 C:\Users\USER\Documents\xampp\htdocs\ci4\vendor\codeigniter4\framework\system\CodeIgniter.php(326): CodeIgniter\CodeIgniter->handleRequest(NULL, Object(Config\Cache), false)
#6 C:\Users\USER\Documents\xampp\htdocs\ci4\public\index.php(37): CodeIgniter\CodeIgniter->run()
#7 C:\Users\USER\Documents\xampp\htdocs\ci4\vendor\codeigniter4\framework\system\Commands\Server\rewrite.php(43): require_once('C:\\Users\\USER\\D...')
#8 {main}
CRITICAL - 2022-06-20 22:57:08 --> syntax error, unexpected token ".", expecting end of file
#0 C:\Users\USER\Documents\xampp\htdocs\ci4\vendor\codeigniter4\framework\system\View\View.php(213): CodeIgniter\View\View->CodeIgniter\View\{closure}()
#1 C:\Users\USER\Documents\xampp\htdocs\ci4\vendor\codeigniter4\framework\system\Common.php(1089): CodeIgniter\View\View->render('portofolio/cv_d...', Array, true)
#2 C:\Users\USER\Documents\xampp\htdocs\ci4\app\Controllers\Portofolio.php(15): view('portofolio/cv_d...', Array)
#3 C:\Users\USER\Documents\xampp\htdocs\ci4\vendor\codeigniter4\framework\system\CodeIgniter.php(832): App\Controllers\Portofolio->index()
#4 C:\Users\USER\Documents\xampp\htdocs\ci4\vendor\codeigniter4\framework\system\CodeIgniter.php(419): CodeIgniter\CodeIgniter->runController(Object(App\Controllers\Portofolio))
#5 C:\Users\USER\Documents\xampp\htdocs\ci4\vendor\codeigniter4\framework\system\CodeIgniter.php(326): CodeIgniter\CodeIgniter->handleRequest(NULL, Object(Config\Cache), false)
#6 C:\Users\USER\Documents\xampp\htdocs\ci4\public\index.php(37): CodeIgniter\CodeIgniter->run()
#7 C:\Users\USER\Documents\xampp\htdocs\ci4\vendor\codeigniter4\framework\system\Commands\Server\rewrite.php(43): require_once('C:\\Users\\USER\\D...')
#8 {main}
