CRITICAL - 2022-05-28 05:20:30 --> Class "CI_Controller" not found
#0 C:\Users\USER\Documents\xampp\htdocs\ci4\vendor\codeigniter4\framework\system\Router\Router.php(518): include_once()
#1 C:\Users\USER\Documents\xampp\htdocs\ci4\vendor\codeigniter4\framework\system\Router\Router.php(175): CodeIgniter\Router\Router->autoRoute('hello')
#2 C:\Users\USER\Documents\xampp\htdocs\ci4\vendor\codeigniter4\framework\system\CodeIgniter.php(726): CodeIgniter\Router\Router->handle('hello')
#3 C:\Users\USER\Documents\xampp\htdocs\ci4\vendor\codeigniter4\framework\system\CodeIgniter.php(368): CodeIgniter\CodeIgniter->tryToRouteIt(Object(CodeIgniter\Router\RouteCollection))
#4 C:\Users\USER\Documents\xampp\htdocs\ci4\vendor\codeigniter4\framework\system\CodeIgniter.php(326): CodeIgniter\CodeIgniter->handleRequest(NULL, Object(Config\Cache), false)
#5 C:\Users\USER\Documents\xampp\htdocs\ci4\public\index.php(37): CodeIgniter\CodeIgniter->run()
#6 C:\Users\USER\Documents\xampp\htdocs\ci4\vendor\codeigniter4\framework\system\Commands\Server\rewrite.php(43): require_once('C:\\Users\\USER\\D...')
#7 {main}
CRITICAL - 2022-05-28 05:21:48 --> Class "CI_Controller" not found
#0 C:\Users\USER\Documents\xampp\htdocs\ci4\vendor\codeigniter4\framework\system\Router\Router.php(518): include_once()
#1 C:\Users\USER\Documents\xampp\htdocs\ci4\vendor\codeigniter4\framework\system\Router\Router.php(175): CodeIgniter\Router\Router->autoRoute('hello')
#2 C:\Users\USER\Documents\xampp\htdocs\ci4\vendor\codeigniter4\framework\system\CodeIgniter.php(726): CodeIgniter\Router\Router->handle('hello')
#3 C:\Users\USER\Documents\xampp\htdocs\ci4\vendor\codeigniter4\framework\system\CodeIgniter.php(368): CodeIgniter\CodeIgniter->tryToRouteIt(Object(CodeIgniter\Router\RouteCollection))
#4 C:\Users\USER\Documents\xampp\htdocs\ci4\vendor\codeigniter4\framework\system\CodeIgniter.php(326): CodeIgniter\CodeIgniter->handleRequest(NULL, Object(Config\Cache), false)
#5 C:\Users\USER\Documents\xampp\htdocs\ci4\public\index.php(37): CodeIgniter\CodeIgniter->run()
#6 C:\Users\USER\Documents\xampp\htdocs\ci4\vendor\codeigniter4\framework\system\Commands\Server\rewrite.php(43): require_once('C:\\Users\\USER\\D...')
#7 {main}
CRITICAL - 2022-05-28 05:24:40 --> Class "CI_Controller" not found
#0 C:\Users\USER\Documents\xampp\htdocs\ci4\vendor\codeigniter4\framework\system\Router\Router.php(518): include_once()
#1 C:\Users\USER\Documents\xampp\htdocs\ci4\vendor\codeigniter4\framework\system\Router\Router.php(175): CodeIgniter\Router\Router->autoRoute('hello')
#2 C:\Users\USER\Documents\xampp\htdocs\ci4\vendor\codeigniter4\framework\system\CodeIgniter.php(726): CodeIgniter\Router\Router->handle('hello')
#3 C:\Users\USER\Documents\xampp\htdocs\ci4\vendor\codeigniter4\framework\system\CodeIgniter.php(368): CodeIgniter\CodeIgniter->tryToRouteIt(Object(CodeIgniter\Router\RouteCollection))
#4 C:\Users\USER\Documents\xampp\htdocs\ci4\vendor\codeigniter4\framework\system\CodeIgniter.php(326): CodeIgniter\CodeIgniter->handleRequest(NULL, Object(Config\Cache), false)
#5 C:\Users\USER\Documents\xampp\htdocs\ci4\public\index.php(37): CodeIgniter\CodeIgniter->run()
#6 C:\Users\USER\Documents\xampp\htdocs\ci4\vendor\codeigniter4\framework\system\Commands\Server\rewrite.php(43): require_once('C:\\Users\\USER\\D...')
#7 {main}
CRITICAL - 2022-05-28 05:53:00 --> Unclosed '{' on line 6
#0 C:\Users\USER\Documents\xampp\htdocs\ci4\vendor\codeigniter4\framework\system\Router\Router.php(175): CodeIgniter\Router\Router->autoRoute('hello/show')
#1 C:\Users\USER\Documents\xampp\htdocs\ci4\vendor\codeigniter4\framework\system\CodeIgniter.php(726): CodeIgniter\Router\Router->handle('hello/show')
#2 C:\Users\USER\Documents\xampp\htdocs\ci4\vendor\codeigniter4\framework\system\CodeIgniter.php(368): CodeIgniter\CodeIgniter->tryToRouteIt(Object(CodeIgniter\Router\RouteCollection))
#3 C:\Users\USER\Documents\xampp\htdocs\ci4\vendor\codeigniter4\framework\system\CodeIgniter.php(326): CodeIgniter\CodeIgniter->handleRequest(NULL, Object(Config\Cache), false)
#4 C:\Users\USER\Documents\xampp\htdocs\ci4\public\index.php(37): CodeIgniter\CodeIgniter->run()
#5 C:\Users\USER\Documents\xampp\htdocs\ci4\vendor\codeigniter4\framework\system\Commands\Server\rewrite.php(43): require_once('C:\\Users\\USER\\D...')
#6 {main}
CRITICAL - 2022-05-28 05:53:44 --> Unclosed '{' on line 6
#0 C:\Users\USER\Documents\xampp\htdocs\ci4\vendor\codeigniter4\framework\system\Router\Router.php(175): CodeIgniter\Router\Router->autoRoute('hello/show')
#1 C:\Users\USER\Documents\xampp\htdocs\ci4\vendor\codeigniter4\framework\system\CodeIgniter.php(726): CodeIgniter\Router\Router->handle('hello/show')
#2 C:\Users\USER\Documents\xampp\htdocs\ci4\vendor\codeigniter4\framework\system\CodeIgniter.php(368): CodeIgniter\CodeIgniter->tryToRouteIt(Object(CodeIgniter\Router\RouteCollection))
#3 C:\Users\USER\Documents\xampp\htdocs\ci4\vendor\codeigniter4\framework\system\CodeIgniter.php(326): CodeIgniter\CodeIgniter->handleRequest(NULL, Object(Config\Cache), false)
#4 C:\Users\USER\Documents\xampp\htdocs\ci4\public\index.php(37): CodeIgniter\CodeIgniter->run()
#5 C:\Users\USER\Documents\xampp\htdocs\ci4\vendor\codeigniter4\framework\system\Commands\Server\rewrite.php(43): require_once('C:\\Users\\USER\\D...')
#6 {main}
CRITICAL - 2022-05-28 05:53:49 --> Unclosed '{' on line 6
#0 C:\Users\USER\Documents\xampp\htdocs\ci4\vendor\codeigniter4\framework\system\Router\Router.php(175): CodeIgniter\Router\Router->autoRoute('hello')
#1 C:\Users\USER\Documents\xampp\htdocs\ci4\vendor\codeigniter4\framework\system\CodeIgniter.php(726): CodeIgniter\Router\Router->handle('hello')
#2 C:\Users\USER\Documents\xampp\htdocs\ci4\vendor\codeigniter4\framework\system\CodeIgniter.php(368): CodeIgniter\CodeIgniter->tryToRouteIt(Object(CodeIgniter\Router\RouteCollection))
#3 C:\Users\USER\Documents\xampp\htdocs\ci4\vendor\codeigniter4\framework\system\CodeIgniter.php(326): CodeIgniter\CodeIgniter->handleRequest(NULL, Object(Config\Cache), false)
#4 C:\Users\USER\Documents\xampp\htdocs\ci4\public\index.php(37): CodeIgniter\CodeIgniter->run()
#5 C:\Users\USER\Documents\xampp\htdocs\ci4\vendor\codeigniter4\framework\system\Commands\Server\rewrite.php(43): require_once('C:\\Users\\USER\\D...')
#6 {main}
CRITICAL - 2022-05-28 05:53:53 --> Unclosed '{' on line 6
#0 C:\Users\USER\Documents\xampp\htdocs\ci4\vendor\codeigniter4\framework\system\Router\Router.php(175): CodeIgniter\Router\Router->autoRoute('hello')
#1 C:\Users\USER\Documents\xampp\htdocs\ci4\vendor\codeigniter4\framework\system\CodeIgniter.php(726): CodeIgniter\Router\Router->handle('hello')
#2 C:\Users\USER\Documents\xampp\htdocs\ci4\vendor\codeigniter4\framework\system\CodeIgniter.php(368): CodeIgniter\CodeIgniter->tryToRouteIt(Object(CodeIgniter\Router\RouteCollection))
#3 C:\Users\USER\Documents\xampp\htdocs\ci4\vendor\codeigniter4\framework\system\CodeIgniter.php(326): CodeIgniter\CodeIgniter->handleRequest(NULL, Object(Config\Cache), false)
#4 C:\Users\USER\Documents\xampp\htdocs\ci4\public\index.php(37): CodeIgniter\CodeIgniter->run()
#5 C:\Users\USER\Documents\xampp\htdocs\ci4\vendor\codeigniter4\framework\system\Commands\Server\rewrite.php(43): require_once('C:\\Users\\USER\\D...')
#6 {main}
CRITICAL - 2022-05-28 05:55:52 --> Unclosed '{' on line 6
#0 C:\Users\USER\Documents\xampp\htdocs\ci4\vendor\codeigniter4\framework\system\Router\Router.php(175): CodeIgniter\Router\Router->autoRoute('hello')
#1 C:\Users\USER\Documents\xampp\htdocs\ci4\vendor\codeigniter4\framework\system\CodeIgniter.php(726): CodeIgniter\Router\Router->handle('hello')
#2 C:\Users\USER\Documents\xampp\htdocs\ci4\vendor\codeigniter4\framework\system\CodeIgniter.php(368): CodeIgniter\CodeIgniter->tryToRouteIt(Object(CodeIgniter\Router\RouteCollection))
#3 C:\Users\USER\Documents\xampp\htdocs\ci4\vendor\codeigniter4\framework\system\CodeIgniter.php(326): CodeIgniter\CodeIgniter->handleRequest(NULL, Object(Config\Cache), false)
#4 C:\Users\USER\Documents\xampp\htdocs\ci4\public\index.php(37): CodeIgniter\CodeIgniter->run()
#5 C:\Users\USER\Documents\xampp\htdocs\ci4\vendor\codeigniter4\framework\system\Commands\Server\rewrite.php(43): require_once('C:\\Users\\USER\\D...')
#6 {main}
CRITICAL - 2022-05-28 05:55:56 --> Unclosed '{' on line 6
#0 C:\Users\USER\Documents\xampp\htdocs\ci4\vendor\codeigniter4\framework\system\Router\Router.php(175): CodeIgniter\Router\Router->autoRoute('hello/show')
#1 C:\Users\USER\Documents\xampp\htdocs\ci4\vendor\codeigniter4\framework\system\CodeIgniter.php(726): CodeIgniter\Router\Router->handle('hello/show')
#2 C:\Users\USER\Documents\xampp\htdocs\ci4\vendor\codeigniter4\framework\system\CodeIgniter.php(368): CodeIgniter\CodeIgniter->tryToRouteIt(Object(CodeIgniter\Router\RouteCollection))
#3 C:\Users\USER\Documents\xampp\htdocs\ci4\vendor\codeigniter4\framework\system\CodeIgniter.php(326): CodeIgniter\CodeIgniter->handleRequest(NULL, Object(Config\Cache), false)
#4 C:\Users\USER\Documents\xampp\htdocs\ci4\public\index.php(37): CodeIgniter\CodeIgniter->run()
#5 C:\Users\USER\Documents\xampp\htdocs\ci4\vendor\codeigniter4\framework\system\Commands\Server\rewrite.php(43): require_once('C:\\Users\\USER\\D...')
#6 {main}
CRITICAL - 2022-05-28 05:55:59 --> Unclosed '{' on line 6
#0 C:\Users\USER\Documents\xampp\htdocs\ci4\vendor\codeigniter4\framework\system\Router\Router.php(175): CodeIgniter\Router\Router->autoRoute('hello/show')
#1 C:\Users\USER\Documents\xampp\htdocs\ci4\vendor\codeigniter4\framework\system\CodeIgniter.php(726): CodeIgniter\Router\Router->handle('hello/show')
#2 C:\Users\USER\Documents\xampp\htdocs\ci4\vendor\codeigniter4\framework\system\CodeIgniter.php(368): CodeIgniter\CodeIgniter->tryToRouteIt(Object(CodeIgniter\Router\RouteCollection))
#3 C:\Users\USER\Documents\xampp\htdocs\ci4\vendor\codeigniter4\framework\system\CodeIgniter.php(326): CodeIgniter\CodeIgniter->handleRequest(NULL, Object(Config\Cache), false)
#4 C:\Users\USER\Documents\xampp\htdocs\ci4\public\index.php(37): CodeIgniter\CodeIgniter->run()
#5 C:\Users\USER\Documents\xampp\htdocs\ci4\vendor\codeigniter4\framework\system\Commands\Server\rewrite.php(43): require_once('C:\\Users\\USER\\D...')
#6 {main}
CRITICAL - 2022-05-28 07:59:23 --> Cannot declare class App\Controllers\Hello, because the name is already in use
#0 [internal function]: CodeIgniter\Debug\Exceptions->shutdownHandler()
#1 {main}
CRITICAL - 2022-05-28 07:59:49 --> Cannot call constructor
#0 C:\Users\USER\Documents\xampp\htdocs\ci4\vendor\codeigniter4\framework\system\CodeIgniter.php(809): App\Controllers\Blog->__construct()
#1 C:\Users\USER\Documents\xampp\htdocs\ci4\vendor\codeigniter4\framework\system\CodeIgniter.php(410): CodeIgniter\CodeIgniter->createController()
#2 C:\Users\USER\Documents\xampp\htdocs\ci4\vendor\codeigniter4\framework\system\CodeIgniter.php(326): CodeIgniter\CodeIgniter->handleRequest(NULL, Object(Config\Cache), false)
#3 C:\Users\USER\Documents\xampp\htdocs\ci4\public\index.php(37): CodeIgniter\CodeIgniter->run()
#4 C:\Users\USER\Documents\xampp\htdocs\ci4\vendor\codeigniter4\framework\system\Commands\Server\rewrite.php(43): require_once('C:\\Users\\USER\\D...')
#5 {main}
CRITICAL - 2022-05-28 07:59:57 --> Cannot call constructor
#0 C:\Users\USER\Documents\xampp\htdocs\ci4\vendor\codeigniter4\framework\system\CodeIgniter.php(809): App\Controllers\Blog->__construct()
#1 C:\Users\USER\Documents\xampp\htdocs\ci4\vendor\codeigniter4\framework\system\CodeIgniter.php(410): CodeIgniter\CodeIgniter->createController()
#2 C:\Users\USER\Documents\xampp\htdocs\ci4\vendor\codeigniter4\framework\system\CodeIgniter.php(326): CodeIgniter\CodeIgniter->handleRequest(NULL, Object(Config\Cache), false)
#3 C:\Users\USER\Documents\xampp\htdocs\ci4\public\index.php(37): CodeIgniter\CodeIgniter->run()
#4 C:\Users\USER\Documents\xampp\htdocs\ci4\vendor\codeigniter4\framework\system\Commands\Server\rewrite.php(43): require_once('C:\\Users\\USER\\D...')
#5 {main}
CRITICAL - 2022-05-28 08:02:03 --> Cannot call constructor
#0 C:\Users\USER\Documents\xampp\htdocs\ci4\vendor\codeigniter4\framework\system\CodeIgniter.php(809): App\Controllers\Blog->__construct()
#1 C:\Users\USER\Documents\xampp\htdocs\ci4\vendor\codeigniter4\framework\system\CodeIgniter.php(410): CodeIgniter\CodeIgniter->createController()
#2 C:\Users\USER\Documents\xampp\htdocs\ci4\vendor\codeigniter4\framework\system\CodeIgniter.php(326): CodeIgniter\CodeIgniter->handleRequest(NULL, Object(Config\Cache), false)
#3 C:\Users\USER\Documents\xampp\htdocs\ci4\public\index.php(37): CodeIgniter\CodeIgniter->run()
#4 C:\Users\USER\Documents\xampp\htdocs\ci4\vendor\codeigniter4\framework\system\Commands\Server\rewrite.php(43): require_once('C:\\Users\\USER\\D...')
#5 {main}
CRITICAL - 2022-05-28 08:02:06 --> Cannot call constructor
#0 C:\Users\USER\Documents\xampp\htdocs\ci4\vendor\codeigniter4\framework\system\CodeIgniter.php(809): App\Controllers\Blog->__construct()
#1 C:\Users\USER\Documents\xampp\htdocs\ci4\vendor\codeigniter4\framework\system\CodeIgniter.php(410): CodeIgniter\CodeIgniter->createController()
#2 C:\Users\USER\Documents\xampp\htdocs\ci4\vendor\codeigniter4\framework\system\CodeIgniter.php(326): CodeIgniter\CodeIgniter->handleRequest(NULL, Object(Config\Cache), false)
#3 C:\Users\USER\Documents\xampp\htdocs\ci4\public\index.php(37): CodeIgniter\CodeIgniter->run()
#4 C:\Users\USER\Documents\xampp\htdocs\ci4\vendor\codeigniter4\framework\system\Commands\Server\rewrite.php(43): require_once('C:\\Users\\USER\\D...')
#5 {main}
CRITICAL - 2022-05-28 08:03:01 --> Cannot declare class App\Controllers\Cv, because the name is already in use
#0 [internal function]: CodeIgniter\Debug\Exceptions->shutdownHandler()
#1 {main}
CRITICAL - 2022-05-28 08:09:24 --> Cannot call constructor
#0 C:\Users\USER\Documents\xampp\htdocs\ci4\vendor\codeigniter4\framework\system\CodeIgniter.php(809): App\Controllers\Blog->__construct()
#1 C:\Users\USER\Documents\xampp\htdocs\ci4\vendor\codeigniter4\framework\system\CodeIgniter.php(410): CodeIgniter\CodeIgniter->createController()
#2 C:\Users\USER\Documents\xampp\htdocs\ci4\vendor\codeigniter4\framework\system\CodeIgniter.php(326): CodeIgniter\CodeIgniter->handleRequest(NULL, Object(Config\Cache), false)
#3 C:\Users\USER\Documents\xampp\htdocs\ci4\public\index.php(37): CodeIgniter\CodeIgniter->run()
#4 C:\Users\USER\Documents\xampp\htdocs\ci4\vendor\codeigniter4\framework\system\Commands\Server\rewrite.php(43): require_once('C:\\Users\\USER\\D...')
#5 {main}
CRITICAL - 2022-05-28 08:09:43 --> Cannot call constructor
#0 C:\Users\USER\Documents\xampp\htdocs\ci4\vendor\codeigniter4\framework\system\CodeIgniter.php(809): App\Controllers\Blog->__construct()
#1 C:\Users\USER\Documents\xampp\htdocs\ci4\vendor\codeigniter4\framework\system\CodeIgniter.php(410): CodeIgniter\CodeIgniter->createController()
#2 C:\Users\USER\Documents\xampp\htdocs\ci4\vendor\codeigniter4\framework\system\CodeIgniter.php(326): CodeIgniter\CodeIgniter->handleRequest(NULL, Object(Config\Cache), false)
#3 C:\Users\USER\Documents\xampp\htdocs\ci4\public\index.php(37): CodeIgniter\CodeIgniter->run()
#4 C:\Users\USER\Documents\xampp\htdocs\ci4\vendor\codeigniter4\framework\system\Commands\Server\rewrite.php(43): require_once('C:\\Users\\USER\\D...')
#5 {main}
CRITICAL - 2022-05-28 08:10:27 --> Cannot call constructor
#0 C:\Users\USER\Documents\xampp\htdocs\ci4\vendor\codeigniter4\framework\system\CodeIgniter.php(809): App\Controllers\Blog->__construct()
#1 C:\Users\USER\Documents\xampp\htdocs\ci4\vendor\codeigniter4\framework\system\CodeIgniter.php(410): CodeIgniter\CodeIgniter->createController()
#2 C:\Users\USER\Documents\xampp\htdocs\ci4\vendor\codeigniter4\framework\system\CodeIgniter.php(326): CodeIgniter\CodeIgniter->handleRequest(NULL, Object(Config\Cache), false)
#3 C:\Users\USER\Documents\xampp\htdocs\ci4\public\index.php(37): CodeIgniter\CodeIgniter->run()
#4 C:\Users\USER\Documents\xampp\htdocs\ci4\vendor\codeigniter4\framework\system\Commands\Server\rewrite.php(43): require_once('C:\\Users\\USER\\D...')
#5 {main}
CRITICAL - 2022-05-28 22:50:17 --> syntax error, unexpected double-quoted string "<br/>"
#0 C:\Users\USER\Documents\xampp\htdocs\ci4\vendor\codeigniter4\framework\system\Router\Router.php(175): CodeIgniter\Router\Router->autoRoute('content')
#1 C:\Users\USER\Documents\xampp\htdocs\ci4\vendor\codeigniter4\framework\system\CodeIgniter.php(726): CodeIgniter\Router\Router->handle('content')
#2 C:\Users\USER\Documents\xampp\htdocs\ci4\vendor\codeigniter4\framework\system\CodeIgniter.php(368): CodeIgniter\CodeIgniter->tryToRouteIt(Object(CodeIgniter\Router\RouteCollection))
#3 C:\Users\USER\Documents\xampp\htdocs\ci4\vendor\codeigniter4\framework\system\CodeIgniter.php(326): CodeIgniter\CodeIgniter->handleRequest(NULL, Object(Config\Cache), false)
#4 C:\Users\USER\Documents\xampp\htdocs\ci4\public\index.php(37): CodeIgniter\CodeIgniter->run()
#5 C:\Users\USER\Documents\xampp\htdocs\ci4\vendor\codeigniter4\framework\system\Commands\Server\rewrite.php(43): require_once('C:\\Users\\USER\\D...')
#6 {main}
CRITICAL - 2022-05-28 22:50:40 --> syntax error, unexpected double-quoted string "<br/>"
#0 C:\Users\USER\Documents\xampp\htdocs\ci4\vendor\codeigniter4\framework\system\Router\Router.php(175): CodeIgniter\Router\Router->autoRoute('content')
#1 C:\Users\USER\Documents\xampp\htdocs\ci4\vendor\codeigniter4\framework\system\CodeIgniter.php(726): CodeIgniter\Router\Router->handle('content')
#2 C:\Users\USER\Documents\xampp\htdocs\ci4\vendor\codeigniter4\framework\system\CodeIgniter.php(368): CodeIgniter\CodeIgniter->tryToRouteIt(Object(CodeIgniter\Router\RouteCollection))
#3 C:\Users\USER\Documents\xampp\htdocs\ci4\vendor\codeigniter4\framework\system\CodeIgniter.php(326): CodeIgniter\CodeIgniter->handleRequest(NULL, Object(Config\Cache), false)
#4 C:\Users\USER\Documents\xampp\htdocs\ci4\public\index.php(37): CodeIgniter\CodeIgniter->run()
#5 C:\Users\USER\Documents\xampp\htdocs\ci4\vendor\codeigniter4\framework\system\Commands\Server\rewrite.php(43): require_once('C:\\Users\\USER\\D...')
#6 {main}
CRITICAL - 2022-05-28 22:52:06 --> syntax error, unexpected double-quoted string "<br/>"
#0 C:\Users\USER\Documents\xampp\htdocs\ci4\vendor\codeigniter4\framework\system\Router\Router.php(175): CodeIgniter\Router\Router->autoRoute('content')
#1 C:\Users\USER\Documents\xampp\htdocs\ci4\vendor\codeigniter4\framework\system\CodeIgniter.php(726): CodeIgniter\Router\Router->handle('content')
#2 C:\Users\USER\Documents\xampp\htdocs\ci4\vendor\codeigniter4\framework\system\CodeIgniter.php(368): CodeIgniter\CodeIgniter->tryToRouteIt(Object(CodeIgniter\Router\RouteCollection))
#3 C:\Users\USER\Documents\xampp\htdocs\ci4\vendor\codeigniter4\framework\system\CodeIgniter.php(326): CodeIgniter\CodeIgniter->handleRequest(NULL, Object(Config\Cache), false)
#4 C:\Users\USER\Documents\xampp\htdocs\ci4\public\index.php(37): CodeIgniter\CodeIgniter->run()
#5 C:\Users\USER\Documents\xampp\htdocs\ci4\vendor\codeigniter4\framework\system\Commands\Server\rewrite.php(43): require_once('C:\\Users\\USER\\D...')
#6 {main}
CRITICAL - 2022-05-28 22:52:21 --> syntax error, unexpected double-quoted string "<br/>"
#0 C:\Users\USER\Documents\xampp\htdocs\ci4\vendor\codeigniter4\framework\system\Router\Router.php(175): CodeIgniter\Router\Router->autoRoute('content/world/h...')
#1 C:\Users\USER\Documents\xampp\htdocs\ci4\vendor\codeigniter4\framework\system\CodeIgniter.php(726): CodeIgniter\Router\Router->handle('content/world/h...')
#2 C:\Users\USER\Documents\xampp\htdocs\ci4\vendor\codeigniter4\framework\system\CodeIgniter.php(368): CodeIgniter\CodeIgniter->tryToRouteIt(Object(CodeIgniter\Router\RouteCollection))
#3 C:\Users\USER\Documents\xampp\htdocs\ci4\vendor\codeigniter4\framework\system\CodeIgniter.php(326): CodeIgniter\CodeIgniter->handleRequest(NULL, Object(Config\Cache), false)
#4 C:\Users\USER\Documents\xampp\htdocs\ci4\public\index.php(37): CodeIgniter\CodeIgniter->run()
#5 C:\Users\USER\Documents\xampp\htdocs\ci4\vendor\codeigniter4\framework\system\Commands\Server\rewrite.php(43): require_once('C:\\Users\\USER\\D...')
#6 {main}
